1772291096,,,/home/grigory/Downloads-Torrent/Большой Куш - 1-130/[pushPOP] Большой Куш - 094 [Special Edition HD] [1080p].mkv,145
1772291099,,,/home/grigory/Downloads-Torrent/Большой Куш - 1-130/[pushPOP] Большой Куш - 094 [Special Edition HD] [1080p].mkv,145
1772291471,,,/home/grigory/Downloads-Torrent/Большой Куш - 1-130/[pushPOP] Большой Куш - 094 [Special Edition HD] [1080p].mkv,145
1772291478,,,/home/grigory/Downloads-Torrent/Большой Куш - 1-130/[pushPOP] Большой Куш - 094 [Special Edition HD] [1080p].mkv,145
1772291612,,,/home/grigory/Downloads-Torrent/Большой Куш - 1-130/[pushPOP] Большой Куш - 095 [Special Edition HD] [1080p].mkv,145
1772291614,,,/home/grigory/Downloads-Torrent/Большой Куш - 1-130/[pushPOP] Большой Куш - 094 [Special Edition HD] [1080p].mkv,145
1772291745,,,/home/grigory/Downloads-Torrent/Большой Куш - 1-130/[pushPOP] Большой Куш - 094 [Special Edition HD] [1080p].mkv,145
1772292618,,,/mnt/linuxdisk/media/images/lulz/17708651398530065408.mp4,70
1772292681,22,American Psycho (2000),/home/grigory/Downloads-Torrent/American.Psycho.2000.BDRip.AVC.AC3.mkv,107
1772293001,22,American Psycho (2000),/home/grigory/Downloads-Torrent/American.Psycho.2000.BDRip.AVC.AC3.mkv,107
1772293067,22,American Psycho (2000),/home/grigory/Downloads-Torrent/American.Psycho.2000.BDRip.AVC.AC3.mkv,107
1772297344,,,/home/grigory/Downloads-Torrent/Большой Куш - 1-130/[pushPOP] Большой Куш - 094 [Special Edition HD] [1080p].mkv,145
1772297346,,,/home/grigory/Downloads-Torrent/Большой Куш - 1-130/[pushPOP] Большой Куш - 095 [Special Edition HD] [1080p].mkv,145
1772298243,,,/home/grigory/Downloads-Torrent/Большой Куш - 1-130/[pushPOP] Большой Куш - 095 [Special Edition HD] [1080p].mkv,145
1772298305,,,/home/grigory/Downloads-Torrent/Большой Куш - 1-130/[pushPOP] Большой Куш - 095 [Special Edition HD] [1080p].mkv,145
1772298497,,,/home/grigory/Downloads/IMG_2740.MOV,49
1772298556,,,/home/grigory/Downloads/IMG_2740.MOV,49
1772298578,,,/home/grigory/Downloads/IMG_2740.MOV,49
1772298655,,,/home/grigory/Downloads-Torrent/Большой Куш - 1-130/[pushPOP] Большой Куш - 095 [Special Edition HD] [1080p].mkv,145
1772298760,,,/home/grigory/Downloads-Torrent/Большой Куш - 1-130/[pushPOP] Большой Куш - 095 [Special Edition HD] [1080p].mkv,145
1772298829,,,/home/grigory/Downloads-Torrent/Большой Куш - 1-130/[pushPOP] Большой Куш - 095 [Special Edition HD] [1080p].mkv,145
1772298874,,,/home/grigory/Downloads-Torrent/Большой Куш - 1-130/[pushPOP] Большой Куш - 095 [Special Edition HD] [1080p].mkv,145
1772298925,,,/home/grigory/Downloads-Torrent/Большой Куш - 1-130/[pushPOP] Большой Куш - 095 [Special Edition HD] [1080p].mkv,145
1772298967,,,/home/grigory/Downloads-Torrent/Большой Куш - 1-130/[pushPOP] Большой Куш - 095 [Special Edition HD] [1080p].mkv,145
1772298981,22,American Psycho (2000),/home/grigory/Downloads-Torrent/American.Psycho.2000.BDRip.AVC.AC3.mkv,107
1772299066,,,/home/grigory/Downloads-Torrent/Большой Куш - 1-130/[pushPOP] Большой Куш - 095 [Special Edition HD] [1080p].mkv,145
1772299155,,,/home/grigory/Downloads-Torrent/Большой Куш - 1-130/[pushPOP] Большой Куш - 095 [Special Edition HD] [1080p].mkv,145
1772299158,22,American Psycho (2000),/home/grigory/Downloads-Torrent/American.Psycho.2000.BDRip.AVC.AC3.mkv,107
1772299260,,,/home/grigory/Downloads-Torrent/Большой Куш - 1-130/[pushPOP] Большой Куш - 095 [Special Edition HD] [1080p].mkv,145
1772300704,,,/home/grigory/Downloads-Torrent/Большой Куш - 1-130/[pushPOP] Большой Куш - 096 [Special Edition HD] [1080p].mkv,145
1772300839,,,/home/grigory/Downloads-Torrent/Большой Куш - 1-130/[pushPOP] Большой Куш - 096 [Special Edition HD] [1080p].mkv,145
1772300885,,,/home/grigory/Downloads-Torrent/Большой Куш - 1-130/[pushPOP] Большой Куш - 096 [Special Edition HD] [1080p].mkv,145
1772305234,,,/home/grigory/Downloads-Torrent/Большой Куш - 1-130/[pushPOP] Большой Куш - 097 [Special Edition HD] [1080p].mkv,145
1772306708,,,/home/grigory/Downloads-Torrent/Большой Куш - 1-130/[pushPOP] Большой Куш - 098 [Special Edition HD] [1080p].mkv,145
1772355492,,,/home/grigory/Downloads-Torrent/Большой Куш - 1-130/[pushPOP] Большой Куш - 098 [Special Edition HD] [1080p].mkv,145
1772355504,,,/home/grigory/Downloads-Torrent/Большой Куш - 1-130/[pushPOP] Большой Куш - 099 [Special Edition HD] [1080p].mkv,145
1772355767,,,/home/grigory/Downloads-Torrent/Большой Куш - 1-130/[pushPOP] Большой Куш - 099 [Special Edition HD] [1080p].mkv,145
1772357084,,,/home/grigory/Downloads-Torrent/Большой Куш - 1-130/[pushPOP] Большой Куш - 100 [Special Edition HD] [1080p].mkv,145
1772390416,,,/home/grigory/Downloads-Torrent/Большой Куш - 1-130/[pushPOP] Большой Куш - 100 [Special Edition HD] [1080p].mkv,145
1772390423,,,/home/grigory/Downloads-Torrent/Большой Куш - 1-130/[pushPOP] Большой Куш - 101 [Special Edition HD] [1080p].mkv,145
1772391990,,,/home/grigory/Downloads-Torrent/Большой Куш - 1-130/[pushPOP] Большой Куш - 102 [Special Edition HD] [1080p].mkv,145
1772393347,,,/home/grigory/Downloads-Torrent/Большой Куш - 1-130/[pushPOP] Большой Куш - 103 [Special Edition HD] [1080p].mkv,145
1772435701,,,/home/grigory/Downloads-Torrent/Большой Куш - 1-130/[pushPOP] Большой Куш - 102 [Special Edition HD] [1080p].mkv,145
1772473119,,,/home/grigory/Downloads-Torrent/Большой Куш - 1-130/[pushPOP] Большой Куш - 103 [Special Edition HD] [1080p].mkv,145
1772473126,,,/home/grigory/Downloads-Torrent/Большой Куш - 1-130/[pushPOP] Большой Куш - 104 [Special Edition HD] [1080p].mkv,145
1772474230,,,/home/grigory/Downloads-Torrent/Большой Куш - 1-130/[pushPOP] Большой Куш - 104 [Special Edition HD] [1080p].mkv,145
1772474920,,,/home/grigory/Downloads-Torrent/Большой Куш - 1-130/[pushPOP] Большой Куш - 105 [Special Edition HD] [1080p].mkv,145
1772477025,,,/home/grigory/Downloads-Torrent/Большой Куш - 1-130/[pushPOP] Большой Куш - 106 [Special Edition HD] [1080p].mkv,145
1772477035,,,/home/grigory/Downloads-Torrent/Большой Куш - 1-130/[pushPOP] Большой Куш - 106 [Special Edition HD] [1080p].mkv,145
1772540181,,,/mnt/linuxdisk/media/images/lulz/17571706072700.mp4,64
1772566046,,,/home/grigory/Downloads-Torrent/Большой Куш - 1-130/[pushPOP] Большой Куш - 106 [Special Edition HD] [1080p].mkv,145
1772566073,,,/home/grigory/Downloads-Torrent/Большой Куш - 1-130/[pushPOP] Большой Куш - 107 [Special Edition HD] [1080p].mkv,145
1772567680,,,/home/grigory/Downloads-Torrent/Большой Куш - 1-130/[pushPOP] Большой Куш - 108 [Special Edition HD] [1080p].mkv,145
1772652400,,,/home/grigory/Downloads-Torrent/Большой Куш - 1-130/[pushPOP] Большой Куш - 108 [Special Edition HD] [1080p].mkv,145
1772652411,,,/home/grigory/Downloads-Torrent/Большой Куш - 1-130/[pushPOP] Большой Куш - 109 [Special Edition HD] [1080p].mkv,145
1772654099,,,/home/grigory/Downloads-Torrent/Большой Куш - 1-130/[pushPOP] Большой Куш - 109 [Special Edition HD] [1080p].mkv,145
1772654099,,,/home/grigory/Downloads-Torrent/Большой Куш - 1-130/[pushPOP] Большой Куш - 110 [Special Edition HD] [1080p].mkv,145
1772687845,,,/home/grigory/Downloads-Torrent/Большой Куш - 1-130/[pushPOP] Большой Куш - 110 [Special Edition HD] [1080p].mkv,145
1772688332,,,/home/grigory/output.mp4,37
1772688491,,,/home/grigory/output.mp4,37
1772688933,,,/home/grigory/compressed.mp4,41
1772738427,,,/home/grigory/Downloads-Torrent/Большой Куш - 1-130/[pushPOP] Большой Куш - 110 [Special Edition HD] [1080p].mkv,145
1772738433,,,/home/grigory/Downloads-Torrent/Большой Куш - 1-130/[pushPOP] Большой Куш - 111 [Special Edition HD] [1080p].mkv,145
1772902627,,,/home/grigory/Downloads-Torrent/Большой Куш - 1-130/[pushPOP] Большой Куш - 111 [Special Edition HD] [1080p].mkv,145
1772902674,,,/home/grigory/Downloads-Torrent/Большой Куш - 1-130/[pushPOP] Большой Куш - 112 [Special Edition HD] [1080p].mkv,145
1772902688,,,/home/grigory/Downloads-Torrent/Большой Куш - 1-130/[pushPOP] Большой Куш - 111 [Special Edition HD] [1080p].mkv,145
1772902693,,,/home/grigory/Downloads-Torrent/Большой Куш - 1-130/[pushPOP] Большой Куш - 112 [Special Edition HD] [1080p].mkv,145
1772904081,,,/home/grigory/Downloads-Torrent/Большой Куш - 1-130/[pushPOP] Большой Куш - 113 [Special Edition HD] [1080p].mkv,145
1772905246,,,/home/grigory/Downloads-Torrent/Большой Куш - 1-130/[pushPOP] Большой Куш - 114 [Special Edition HD] [1080p].mkv,145
1772906425,,,/home/grigory/Downloads-Torrent/Большой Куш - 1-130/[pushPOP] Большой Куш - 115 [Special Edition HD] [1080p].mkv,145
1772909557,,,/home/grigory/Downloads-Torrent/Большой Куш - 1-130/[pushPOP] Большой Куш - 116 [Special Edition HD] [1080p].mkv,145
1772910978,,,/home/grigory/Downloads-Torrent/Большой Куш - 1-130/[pushPOP] Большой Куш - 117 [Special Edition HD] [1080p].mkv,145
1772983810,,,/home/grigory/Downloads-Torrent/Большой Куш - 1-130/[pushPOP] Большой Куш - 117 [Special Edition HD] [1080p].mkv,145
1772983913,,,/home/grigory/Downloads-Torrent/Большой Куш - 1-130/[pushPOP] Большой Куш - 118 [Special Edition HD] [1080p].mkv,145
1772984099,,,/mnt/linuxdisk/media/vids/anime/one-piece-opening-2.mp4,68
1772985499,,,/home/grigory/Downloads-Torrent/Большой Куш - 1-130/[pushPOP] Большой Куш - 119 [Special Edition HD] [1080p].mkv,145
1772986801,,,/home/grigory/Downloads-Torrent/Большой Куш - 1-130/[pushPOP] Большой Куш - 120 [Special Edition HD] [1080p].mkv,145
1772996269,,,/home/grigory/Downloads-Torrent/Большой Куш - 1-130/[pushPOP] Большой Куш - 120 [Special Edition HD] [1080p].mkv,145
1772996274,,,/home/grigory/Downloads-Torrent/Большой Куш - 1-130/[pushPOP] Большой Куш - 121 [Special Edition HD] [1080p].mkv,145
1772997571,,,/home/grigory/Downloads-Torrent/One Piece - Season 3/One Piece - 131 [OPRUS].mkv,93
1772999287,,,/home/grigory/Downloads-Torrent/Большой Куш - 1-130/[pushPOP] Большой Куш - 122 [Special Edition HD] [1080p].mkv,145
1773038248,,,/home/grigory/Downloads-Torrent/[A&C] One Piece - [0131-0206] [R2J DVDrip] [Multi-Audio-Subs] [VFR]/[A&C] One Piece - 0131 [DVDrip] [Multi-Audio-Subs] [55073B41].mkv,178
1773047112,,,/mnt/linuxdisk/media/images/serious_shit/17698358144700.mp4,72
1773047166,,,/mnt/linuxdisk/media/images/generic/17727007638700610024.mp4,73
1773072487,,,/home/grigory/Downloads-Torrent/Большой Куш - 1-130/[pushPOP] Большой Куш - 122 [Special Edition HD] [1080p].mkv,145
1773072493,,,/home/grigory/Downloads-Torrent/Большой Куш - 1-130/[pushPOP] Большой Куш - 123 [Special Edition HD] [1080p].mkv,145
1773072826,,,/home/grigory/Downloads-Torrent/Большой Куш - 1-130/[pushPOP] Большой Куш - 123 [Special Edition HD] [1080p].mkv,145
1773076158,,,/home/grigory/Downloads-Torrent/Большой Куш - 1-130/[pushPOP] Большой Куш - 124 [Special Edition HD] [1080p].mkv,145
1773083515,,,/home/grigory/Downloads-Torrent/Большой Куш - 1-130/[pushPOP] Большой Куш - 124 [Special Edition HD] [1080p].mkv,145
1773083522,,,/home/grigory/Downloads-Torrent/Большой Куш - 1-130/[pushPOP] Большой Куш - 125 [Special Edition HD] [1080p].mkv,145
1773085099,,,/home/grigory/Downloads-Torrent/Большой Куш - 1-130/[pushPOP] Большой Куш - 126 [Special Edition HD] [1080p].mkv,145
1773161967,,,/home/grigory/Downloads-Torrent/Большой Куш - 1-130/[pushPOP] Большой Куш - 126 [Special Edition HD] [1080p].mkv,145
1773161971,,,/home/grigory/Downloads-Torrent/Большой Куш - 1-130/[pushPOP] Большой Куш - 127 [Special Edition HD] [1080p].mkv,145
1773163340,,,/home/grigory/Downloads-Torrent/Большой Куш - 1-130/[pushPOP] Большой Куш - 128 [Special Edition HD] [1080p].mkv,145
1773164686,,,/home/grigory/Downloads-Torrent/Большой Куш - 1-130/[pushPOP] Большой Куш - 129 [Special Edition HD] [1080p].mkv,145
1773167631,,,/home/grigory/Downloads-Torrent/Большой Куш - 1-130/[pushPOP] Большой Куш - 130 [Special Edition HD] [1080p].mkv,145
1773169355,,,/home/grigory/Downloads-Torrent/[A&C] One Piece - [0131-0206] [R2J DVDrip] [Multi-Audio-Subs] [VFR]/[A&C] One Piece - 0131 [DVDrip] [Multi-Audio-Subs] [55073B41].mkv,178
1773169423,,,/home/grigory/Downloads-Torrent/Большой Куш - 1-130/[pushPOP] Большой Куш - 130 [Special Edition HD] [1080p].mkv,145
1773170787,,,/home/grigory/Downloads-Torrent/[A&C] One Piece - [0131-0206] [R2J DVDrip] [Multi-Audio-Subs] [VFR]/[A&C] One Piece - 0132 [DVDrip] [Multi-Audio-Subs] [2058E776].mkv,178
1773248419,,,/home/grigory/Downloads-Torrent/[A&C] One Piece - [0131-0206] [R2J DVDrip] [Multi-Audio-Subs] [VFR]/[A&C] One Piece - 0132 [DVDrip] [Multi-Audio-Subs] [2058E776].mkv,178
1773248419,,,/home/grigory/Downloads-Torrent/[A&C] One Piece - [0131-0206] [R2J DVDrip] [Multi-Audio-Subs] [VFR]/[A&C] One Piece - 0133 [DVDrip] [Multi-Audio-Subs] [A659E88C].mkv,178
1773248701,,,/home/grigory/Downloads-Torrent/[A&C] One Piece - [0131-0206] [R2J DVDrip] [Multi-Audio-Subs] [VFR]/[A&C] One Piece - 0133 [DVDrip] [Multi-Audio-Subs] [A659E88C].mkv,178
1773248886,,,/home/grigory/Downloads-Torrent/[A&C] One Piece - [0131-0206] [R2J DVDrip] [Multi-Audio-Subs] [VFR]/[A&C] One Piece - 0133 [DVDrip] [Multi-Audio-Subs] [A659E88C].mkv,178
1773249015,,,/home/grigory/Downloads-Torrent/[A&C] One Piece - [0131-0206] [R2J DVDrip] [Multi-Audio-Subs] [VFR]/[A&C] One Piece - 0133 [DVDrip] [Multi-Audio-Subs] [A659E88C].mkv,178
1773249121,,,/home/grigory/Downloads-Torrent/[A&C] One Piece - [0131-0206] [R2J DVDrip] [Multi-Audio-Subs] [VFR]/[A&C] One Piece - 0133 [DVDrip] [Multi-Audio-Subs] [A659E88C].mkv,178
1773249767,,,/home/grigory/Downloads-Torrent/[A&C] One Piece - [0131-0206] [R2J DVDrip] [Multi-Audio-Subs] [VFR]/[A&C] One Piece - 0133 [DVDrip] [Multi-Audio-Subs] [A659E88C].mkv,178
1773249928,,,/home/grigory/Downloads-Torrent/[A&C] One Piece - [0131-0206] [R2J DVDrip] [Multi-Audio-Subs] [VFR]/[A&C] One Piece - 0132 [DVDrip] [Multi-Audio-Subs] [2058E776].mkv,178
1773249940,,,/home/grigory/Downloads-Torrent/[A&C] One Piece - [0131-0206] [R2J DVDrip] [Multi-Audio-Subs] [VFR]/[A&C] One Piece - 0132 [DVDrip] [Multi-Audio-Subs] [2058E776].mkv,178
1773250052,,,/home/grigory/Downloads-Torrent/[A&C] One Piece - [0131-0206] [R2J DVDrip] [Multi-Audio-Subs] [VFR]/[A&C] One Piece - 0132 [DVDrip] [Multi-Audio-Subs] [2058E776].mkv,178
1773250061,,,/home/grigory/Downloads-Torrent/[A&C] One Piece - [0131-0206] [R2J DVDrip] [Multi-Audio-Subs] [VFR]/[A&C] One Piece - 0133 [DVDrip] [Multi-Audio-Subs] [A659E88C].mkv,178
1773251485,,,/home/grigory/Downloads-Torrent/[A&C] One Piece - [0131-0206] [R2J DVDrip] [Multi-Audio-Subs] [VFR]/[A&C] One Piece - 0134 [DVDrip] [Multi-Audio-Subs] [FDCD40E3].mkv,178
1773252877,,,/home/grigory/Downloads-Torrent/[A&C] One Piece - [0131-0206] [R2J DVDrip] [Multi-Audio-Subs] [VFR]/[A&C] One Piece - 0135 [DVDrip] [Multi-Audio-Subs] [CDE1D19E].mkv,178
1773255911,,,/home/grigory/Downloads-Torrent/[A&C] One Piece - [0131-0206] [R2J DVDrip] [Multi-Audio-Subs] [VFR]/[A&C] One Piece - 0136 [DVDrip] [Multi-Audio-Subs] [913B083A].mkv,178
1773257459,,,/home/grigory/Downloads-Torrent/[A&C] One Piece - [0131-0206] [R2J DVDrip] [Multi-Audio-Subs] [VFR]/[A&C] One Piece - 0137 [DVDrip] [Multi-Audio-Subs] [434A263D].mkv,178
1773289566,,,/home/grigory/Downloads-Torrent/[A&C] One Piece - [0131-0206] [R2J DVDrip] [Multi-Audio-Subs] [VFR]/[A&C] One Piece - 0137 [DVDrip] [Multi-Audio-Subs] [434A263D].mkv,178
1773289574,,,/home/grigory/Downloads-Torrent/[A&C] One Piece - [0131-0206] [R2J DVDrip] [Multi-Audio-Subs] [VFR]/[A&C] One Piece - 0138 [DVDrip] [Multi-Audio-Subs] [A0CD27CD].mkv,178
1773420642,,,/home/grigory/Downloads-Torrent/[A&C] One Piece - [0131-0206] [R2J DVDrip] [Multi-Audio-Subs] [VFR]/[A&C] One Piece - 0138 [DVDrip] [Multi-Audio-Subs] [A0CD27CD].mkv,178
1773420647,,,/home/grigory/Downloads-Torrent/[A&C] One Piece - [0131-0206] [R2J DVDrip] [Multi-Audio-Subs] [VFR]/[A&C] One Piece - 0139 [DVDrip] [Multi-Audio-Subs] [A7D7D0BF].mkv,178
1773422092,,,/home/grigory/Downloads-Torrent/[A&C] One Piece - [0131-0206] [R2J DVDrip] [Multi-Audio-Subs] [VFR]/[A&C] One Piece - 0140 [DVDrip] [Multi-Audio-Subs] [5FD8EB4C].mkv,178
1773423317,,,/home/grigory/Downloads-Torrent/[A&C] One Piece - [0131-0206] [R2J DVDrip] [Multi-Audio-Subs] [VFR]/[A&C] One Piece - 0141 [DVDrip] [Multi-Audio-Subs] [FC8B7DC5].mkv,178
1773425599,,,/home/grigory/Downloads-Torrent/[A&C] One Piece - [0131-0206] [R2J DVDrip] [Multi-Audio-Subs] [VFR]/[A&C] One Piece - 0142 [DVDrip] [Multi-Audio-Subs] [AAC9720C].mkv,178
1773426965,,,/home/grigory/Downloads-Torrent/[A&C] One Piece - [0131-0206] [R2J DVDrip] [Multi-Audio-Subs] [VFR]/[A&C] One Piece - 0143 [DVDrip] [Multi-Audio-Subs] [8434A30D].mkv,178
1773428408,,,/home/grigory/Downloads-Torrent/[A&C] One Piece - [0131-0206] [R2J DVDrip] [Multi-Audio-Subs] [VFR]/[A&C] One Piece - 0144 [DVDrip] [Multi-Audio-Subs] [5E0000C7].mkv,178
1773429746,,,/home/grigory/Downloads-Torrent/[A&C] One Piece - [0131-0206] [R2J DVDrip] [Multi-Audio-Subs] [VFR]/[A&C] One Piece - 0145 [DVDrip] [Multi-Audio-Subs] [475E415B].mkv,178
1773495666,,,/home/grigory/Downloads-Torrent/[A&C] One Piece - [0131-0206] [R2J DVDrip] [Multi-Audio-Subs] [VFR]/[A&C] One Piece - 0145 [DVDrip] [Multi-Audio-Subs] [475E415B].mkv,178
1773495804,,,/home/grigory/Downloads-Torrent/[A&C] One Piece - [0131-0206] [R2J DVDrip] [Multi-Audio-Subs] [VFR]/[A&C] One Piece - 0146 [DVDrip] [Multi-Audio-Subs] [F31DC635].mkv,178
1773497274,,,/home/grigory/Downloads-Torrent/[A&C] One Piece - [0131-0206] [R2J DVDrip] [Multi-Audio-Subs] [VFR]/[A&C] One Piece - 0147 [DVDrip] [Multi-Audio-Subs] [7A0DC2A5].mkv,178
1773498457,,,/home/grigory/Downloads-Torrent/[A&C] One Piece - [0131-0206] [R2J DVDrip] [Multi-Audio-Subs] [VFR]/[A&C] One Piece - 0148 [DVDrip] [Multi-Audio-Subs] [013F6CF5].mkv,178
1773515217,,,/home/grigory/Downloads-Torrent/[A&C] One Piece - [0131-0206] [R2J DVDrip] [Multi-Audio-Subs] [VFR]/[A&C] One Piece - 0148 [DVDrip] [Multi-Audio-Subs] [013F6CF5].mkv,178
1773515217,,,/home/grigory/Downloads-Torrent/[A&C] One Piece - [0131-0206] [R2J DVDrip] [Multi-Audio-Subs] [VFR]/[A&C] One Piece - 0149 [DVDrip] [Multi-Audio-Subs] [8AEA040F].mkv,178
1773516962,,,/home/grigory/Downloads-Torrent/[A&C] One Piece - [0131-0206] [R2J DVDrip] [Multi-Audio-Subs] [VFR]/[A&C] One Piece - 0150 [DVDrip] [Multi-Audio-Subs] [0A59E0F3].mkv,178
1773518110,,,/home/grigory/Downloads-Torrent/[A&C] One Piece - [0131-0206] [R2J DVDrip] [Multi-Audio-Subs] [VFR]/[A&C] One Piece - 0151 [DVDrip] [Multi-Audio-Subs] [0677727E].mkv,178
1773555334,,,/run/media/grigory/GAY PORN/old/zip/12/mobile/mobile/A.Old/toLinux/luls/3ead13f54afb43598951b32d867fc81a.mp4,121
1773555351,,,/mnt/linuxdisk/media/images/lulz/17734476051490098931.mp4,70
1773555619,,,/mnt/linuxdisk/media/images/lulz/17722526380080247283.mp4,70
1773555636,,,/mnt/linuxdisk/media/images/lulz/17727098859380160230.webm,71
1773555653,,,/mnt/linuxdisk/media/images/lulz/17730495936990392205.mp4,70
1773555661,,,/mnt/linuxdisk/media/images/lulz/17734139376040045462.mp4,70
1773555667,,,/mnt/linuxdisk/media/images/lulz/17733943416260039610.mp4,70
1773555685,,,/mnt/linuxdisk/media/images/lulz/17730495936990392205.mp4,70
1773575456,,,/run/media/grigory/Samsung/Downloads/Cheburashka 2.2025.WEB-DL.2160p.SDR.ExKinoRay.mkv,99
1773575463,,,/run/media/grigory/Samsung/Downloads/Cheburashka 2.2025.WEB-DL.2160p.SDR.ExKinoRay.mkv,99
1773575470,,,/run/media/grigory/Samsung/Downloads/Cheburashka 2.2025.WEB-DL.2160p.SDR.ExKinoRay.mkv,99
1773588970,,,/home/grigory/Downloads-Torrent/[A&C] One Piece - [0131-0206] [R2J DVDrip] [Multi-Audio-Subs] [VFR]/[A&C] One Piece - 0151 [DVDrip] [Multi-Audio-Subs] [0677727E].mkv,178
1773588978,,,/home/grigory/Downloads-Torrent/[A&C] One Piece - [0131-0206] [R2J DVDrip] [Multi-Audio-Subs] [VFR]/[A&C] One Piece - 0152 [DVDrip] [Multi-Audio-Subs] [40B8AD66].mkv,178
1773590271,,,/home/grigory/Downloads-Torrent/[A&C] One Piece - [0131-0206] [R2J DVDrip] [Multi-Audio-Subs] [VFR]/[A&C] One Piece - 0153 [DVDrip] [Multi-Audio-Subs] [91AA7B7F].mkv,178
1773591465,,,/home/grigory/Downloads-Torrent/[A&C] One Piece - [0131-0206] [R2J DVDrip] [Multi-Audio-Subs] [VFR]/[A&C] One Piece - 0154 [DVDrip] [Multi-Audio-Subs] [CE408D0A].mkv,178
1773599314,,,/home/grigory/Downloads-Torrent/[A&C] One Piece - [0131-0206] [R2J DVDrip] [Multi-Audio-Subs] [VFR]/[A&C] One Piece - 0154 [DVDrip] [Multi-Audio-Subs] [CE408D0A].mkv,178
1773599322,,,/home/grigory/Downloads-Torrent/[A&C] One Piece - [0131-0206] [R2J DVDrip] [Multi-Audio-Subs] [VFR]/[A&C] One Piece - 0155 [DVDrip] [Multi-Audio-Subs] [E2219BFA].mkv,178
1773600810,,,/home/grigory/Downloads-Torrent/[A&C] One Piece - [0131-0206] [R2J DVDrip] [Multi-Audio-Subs] [VFR]/[A&C] One Piece - 0156 [DVDrip] [Multi-Audio-Subs] [D6233DCC].mkv,178
1773602002,,,/home/grigory/Downloads-Torrent/[A&C] One Piece - [0131-0206] [R2J DVDrip] [Multi-Audio-Subs] [VFR]/[A&C] One Piece - 0157 [DVDrip] [Multi-Audio-Subs] [F385B124].mkv,178
1773680878,,,/home/grigory/Downloads-Torrent/[A&C] One Piece - [0131-0206] [R2J DVDrip] [Multi-Audio-Subs] [VFR]/[A&C] One Piece - 0157 [DVDrip] [Multi-Audio-Subs] [F385B124].mkv,178
1773680881,,,/home/grigory/Downloads-Torrent/[A&C] One Piece - [0131-0206] [R2J DVDrip] [Multi-Audio-Subs] [VFR]/[A&C] One Piece - 0158 [DVDrip] [Multi-Audio-Subs] [E2E867F4].mkv,178
1773682332,,,/home/grigory/Downloads-Torrent/[A&C] One Piece - [0131-0206] [R2J DVDrip] [Multi-Audio-Subs] [VFR]/[A&C] One Piece - 0159 [DVDrip] [Multi-Audio-Subs] [32E9BD69].mkv,178
1773683672,,,/home/grigory/Downloads-Torrent/[A&C] One Piece - [0131-0206] [R2J DVDrip] [Multi-Audio-Subs] [VFR]/[A&C] One Piece - 0160 [DVDrip] [Multi-Audio-Subs] [03A2F973].mkv,178
1773684934,,,/home/grigory/Downloads-Torrent/[A&C] One Piece - [0131-0206] [R2J DVDrip] [Multi-Audio-Subs] [VFR]/[A&C] One Piece - 0161 [DVDrip] [Multi-Audio-Subs] [8EF97D85].mkv,178
1773688097,,,/home/grigory/Downloads-Torrent/[A&C] One Piece - [0131-0206] [R2J DVDrip] [Multi-Audio-Subs] [VFR]/[A&C] One Piece - 0162 [DVDrip] [Multi-Audio-Subs] [93778F42].mkv,178
1773766844,,,/home/grigory/Downloads-Torrent/[A&C] One Piece - [0131-0206] [R2J DVDrip] [Multi-Audio-Subs] [VFR]/[A&C] One Piece - 0162 [DVDrip] [Multi-Audio-Subs] [93778F42].mkv,178
1773766845,,,/home/grigory/Downloads-Torrent/[A&C] One Piece - [0131-0206] [R2J DVDrip] [Multi-Audio-Subs] [VFR]/[A&C] One Piece - 0163 [DVDrip] [Multi-Audio-Subs] [8DE4C279].mkv,178
1773768166,,,/home/grigory/Downloads-Torrent/[A&C] One Piece - [0131-0206] [R2J DVDrip] [Multi-Audio-Subs] [VFR]/[A&C] One Piece - 0164 [DVDrip] [Multi-Audio-Subs] [294E9040].mkv,178
1773770613,,,/home/grigory/Downloads-Torrent/[A&C] One Piece - [0131-0206] [R2J DVDrip] [Multi-Audio-Subs] [VFR]/[A&C] One Piece - 0164 [DVDrip] [Multi-Audio-Subs] [294E9040].mkv,178
1773770633,,,/home/grigory/Downloads-Torrent/[A&C] One Piece - [0131-0206] [R2J DVDrip] [Multi-Audio-Subs] [VFR]/[A&C] One Piece - 0164 [DVDrip] [Multi-Audio-Subs] [294E9040].mkv,178
1773770685,,,/home/grigory/Downloads-Torrent/[A&C] One Piece - [0131-0206] [R2J DVDrip] [Multi-Audio-Subs] [VFR]/[A&C] One Piece - 0164 [DVDrip] [Multi-Audio-Subs] [294E9040].mkv,178
1773770810,,,/home/grigory/Downloads-Torrent/[A&C] One Piece - [0131-0206] [R2J DVDrip] [Multi-Audio-Subs] [VFR]/[A&C] One Piece - 0164 [DVDrip] [Multi-Audio-Subs] [294E9040].mkv,178
1773770835,,,/home/grigory/Downloads-Torrent/[A&C] One Piece - [0131-0206] [R2J DVDrip] [Multi-Audio-Subs] [VFR]/[A&C] One Piece - 0164 [DVDrip] [Multi-Audio-Subs] [294E9040].mkv,178
1773771723,,,/home/grigory/Downloads-Torrent/[A&C] One Piece - [0131-0206] [R2J DVDrip] [Multi-Audio-Subs] [VFR]/[A&C] One Piece - 0164 [DVDrip] [Multi-Audio-Subs] [294E9040].mkv,178
1773771724,,,/home/grigory/Downloads-Torrent/[A&C] One Piece - [0131-0206] [R2J DVDrip] [Multi-Audio-Subs] [VFR]/[A&C] One Piece - 0165 [DVDrip] [Multi-Audio-Subs] [24D9EDFE].mkv,178
1773773312,,,/home/grigory/Downloads-Torrent/[A&C] One Piece - [0131-0206] [R2J DVDrip] [Multi-Audio-Subs] [VFR]/[A&C] One Piece - 0166 [DVDrip] [Multi-Audio-Subs] [BAF06D8B].mkv,178
1773774669,,,/home/grigory/Downloads-Torrent/[A&C] One Piece - [0131-0206] [R2J DVDrip] [Multi-Audio-Subs] [VFR]/[A&C] One Piece - 0167 [DVDrip] [Multi-Audio-Subs] [F19C8C99].mkv,178
1773819387,,,/home/grigory/Downloads/17732878541060696519.mp4,61
1773821668,,,/mnt/linuxdisk/my-stuff/photos/phone/2/-945702106701408017.MP4,75
1773821678,,,/mnt/linuxdisk/my-stuff/photos/phone/2/35C07A4F-CE43-4D3B-96C2-AA962FC5BD6A Copy.MOV,97
1773821684,,,/mnt/linuxdisk/my-stuff/photos/phone/2/325999076849172645.MP4,74
1773822528,,,/mnt/linuxdisk/my-stuff/photos/phone/1/100APPLE/IMG_0914.MOV,73
1773822558,,,/mnt/linuxdisk/my-stuff/photos/phone/1/100APPLE/IMG_0968.MOV,73
1773822822,,,/mnt/linuxdisk/my-stuff/photos/phone/1/101APPLE/IMG_1060.MP4,73
1773822828,,,/mnt/linuxdisk/my-stuff/photos/phone/1/101APPLE/IMG_1060.MP4,73
1773822840,,,/mnt/linuxdisk/my-stuff/photos/phone/1/101APPLE/IMG_1062.MP4,73
1773822855,,,/mnt/linuxdisk/my-stuff/photos/phone/1/101APPLE/IMG_1115.MOV,73
1773822860,,,/mnt/linuxdisk/my-stuff/photos/phone/1/101APPLE/IMG_1700.MOV,73
1773822866,,,/mnt/linuxdisk/my-stuff/photos/phone/1/101APPLE/IMG_1765.MOV,73
1773822870,,,/mnt/linuxdisk/my-stuff/photos/phone/1/101APPLE/IMG_1767.MOV,73
1773822874,,,/mnt/linuxdisk/my-stuff/photos/phone/1/101APPLE/IMG_1768.MOV,73
1773823182,,,/mnt/linuxdisk/my-stuff/photos/phone/1/102APPLE/IMG_2661.MP4,73
1773823187,,,/mnt/linuxdisk/my-stuff/photos/phone/1/102APPLE/IMG_2662.MP4,73
1773823217,,,/mnt/linuxdisk/my-stuff/photos/phone/1/102APPLE/IMG_2661.MP4,73
1773823232,,,/mnt/linuxdisk/my-stuff/photos/phone/1/102APPLE/IMG_2662.MP4,73
1773823236,,,/mnt/linuxdisk/my-stuff/photos/phone/1/102APPLE/IMG_2668.MP4,73
1773823237,,,/mnt/linuxdisk/my-stuff/photos/phone/1/102APPLE/IMG_2352.MOV,73
1773823267,,,/mnt/linuxdisk/my-stuff/photos/phone/1/102APPLE/IMG_2388.MOV,73
1773823282,,,/mnt/linuxdisk/my-stuff/photos/phone/1/102APPLE/IMG_2389.MOV,73
1773823293,,,/mnt/linuxdisk/my-stuff/photos/phone/1/102APPLE/IMG_2407.MOV,73
1773823297,,,/mnt/linuxdisk/my-stuff/photos/phone/1/102APPLE/IMG_2432.MOV,73
1773823299,,,/mnt/linuxdisk/my-stuff/photos/phone/1/102APPLE/IMG_2433.MOV,73
1773823300,,,/mnt/linuxdisk/my-stuff/photos/phone/1/102APPLE/IMG_2436.MOV,73
1773823301,,,/mnt/linuxdisk/my-stuff/photos/phone/1/102APPLE/IMG_2437.MOV,73
1773823302,,,/mnt/linuxdisk/my-stuff/photos/phone/1/102APPLE/IMG_2438.MOV,73
1773823303,,,/mnt/linuxdisk/my-stuff/photos/phone/1/102APPLE/IMG_2465.MOV,73
1773823304,,,/mnt/linuxdisk/my-stuff/photos/phone/1/102APPLE/IMG_2557.MOV,73
1773823305,,,/mnt/linuxdisk/my-stuff/photos/phone/1/102APPLE/IMG_2558.MOV,73
1773823306,,,/mnt/linuxdisk/my-stuff/photos/phone/1/102APPLE/IMG_2559.MOV,73
1773823307,,,/mnt/linuxdisk/my-stuff/photos/phone/1/102APPLE/IMG_2560.MOV,73
1773823308,,,/mnt/linuxdisk/my-stuff/photos/phone/1/102APPLE/IMG_2632.MOV,73
1773823325,,,/mnt/linuxdisk/my-stuff/photos/phone/1/102APPLE/IMG_2636.MOV,73
1773823328,,,/mnt/linuxdisk/my-stuff/photos/phone/1/102APPLE/IMG_2657.MOV,73
1773823329,,,/mnt/linuxdisk/my-stuff/photos/phone/1/102APPLE/IMG_2669.MOV,73
1773823346,,,/mnt/linuxdisk/my-stuff/photos/phone/1/102APPLE/IMG_2697.MOV,73
1773823347,,,/mnt/linuxdisk/my-stuff/photos/phone/1/102APPLE/IMG_2698.MOV,73
1773823348,,,/mnt/linuxdisk/my-stuff/photos/phone/1/102APPLE/IMG_2710.MOV,73
1773823349,,,/mnt/linuxdisk/my-stuff/photos/phone/1/102APPLE/IMG_2711.MOV,73
1773823349,,,/mnt/linuxdisk/my-stuff/photos/phone/1/102APPLE/IMG_2712.MOV,73
1773823350,,,/mnt/linuxdisk/my-stuff/photos/phone/1/102APPLE/IMG_2727.MOV,73
1773823351,,,/mnt/linuxdisk/my-stuff/photos/phone/1/102APPLE/IMG_2732.MOV,73
1773823359,,,/mnt/linuxdisk/my-stuff/photos/phone/1/102APPLE/IMG_2734.MOV,73
1773823360,,,/mnt/linuxdisk/my-stuff/photos/phone/1/102APPLE/IMG_2735.MOV,73
1773823361,,,/mnt/linuxdisk/my-stuff/photos/phone/1/102APPLE/IMG_2736.MOV,73
1773823362,,,/mnt/linuxdisk/my-stuff/photos/phone/1/102APPLE/IMG_2737.MOV,73
1773823362,,,/mnt/linuxdisk/my-stuff/photos/phone/1/102APPLE/IMG_2738.MOV,73
1773823363,,,/mnt/linuxdisk/my-stuff/photos/phone/1/102APPLE/IMG_2739.MOV,73
1773823363,,,/mnt/linuxdisk/my-stuff/photos/phone/1/102APPLE/IMG_2740.MOV,73
1773823364,,,/mnt/linuxdisk/my-stuff/photos/phone/1/102APPLE/IMG_2741.MOV,73
1773823364,,,/mnt/linuxdisk/my-stuff/photos/phone/1/102APPLE/IMG_2742.MOV,73
1773823364,,,/mnt/linuxdisk/my-stuff/photos/phone/1/102APPLE/IMG_2743.MOV,73
1773823365,,,/mnt/linuxdisk/my-stuff/photos/phone/1/102APPLE/IMG_2744.MOV,73
1773823365,,,/mnt/linuxdisk/my-stuff/photos/phone/1/102APPLE/IMG_2745.MOV,73
1773823557,,,/mnt/linuxdisk/my-stuff/photos/phone/1/IMG_2388.MOV,64
1773823576,,,/mnt/linuxdisk/my-stuff/photos/phone/1/IMG_2389.MOV,64
1773823668,,,/mnt/linuxdisk/my-stuff/photos/phone/1/IMG_2388.MOV,64
1773830622,,,/mnt/linuxdisk/media/images/lulz/17738115557350797976.mp4,70
1773830878,,,/mnt/linuxdisk/media/images/lulz/17730495936990392205.mp4,70
1773864071,,,/home/grigory/Downloads-Torrent/[A&C] One Piece - [0131-0206] [R2J DVDrip] [Multi-Audio-Subs] [VFR]/[A&C] One Piece - 0167 [DVDrip] [Multi-Audio-Subs] [F19C8C99].mkv,178
1773864080,,,/home/grigory/Downloads-Torrent/[A&C] One Piece - [0131-0206] [R2J DVDrip] [Multi-Audio-Subs] [VFR]/[A&C] One Piece - 0168 [DVDrip] [Multi-Audio-Subs] [BC85C052].mkv,178
1773865416,,,/home/grigory/Downloads-Torrent/[A&C] One Piece - [0131-0206] [R2J DVDrip] [Multi-Audio-Subs] [VFR]/[A&C] One Piece - 0169 [DVDrip] [Multi-Audio-Subs] [40BCA8AA].mkv,178
1773929552,,,/home/grigory/Downloads/tatell-landing-compressed.mp4,66
1773939725,,,/mnt/linuxdisk/media/images/lulz/17609738166472.mp4,64
1773948508,80,Sweetpea.S01E01.Sorry.For.Your.Loss.2160p.NOW.WEB-DL.DDP5.1.Atmos.H.265-FLUX.mkv,/mnt/linuxdisk/media/images/lulz/17622570593851.mp4,146
1774010559,,,/mnt/linuxdisk/media/images/lulz/17739592930110290881.mp4,70
1774010595,,,/mnt/linuxdisk/media/images/lulz/17739768592830581440.mp4,70
1774010600,,,/mnt/linuxdisk/media/images/lulz/17739369329510141818.mp4,70
1774010607,,,/mnt/linuxdisk/media/images/lulz/17739354172660196108.mp4,70
1774010616,,,/mnt/linuxdisk/media/images/lulz/17739313207890892861.mp4,70
1774010649,,,/mnt/linuxdisk/media/images/lulz/AQPKwqZt0lKxUIBmShVjfrTDHPI1n3ytABamj27HUuICoRQL5zMtHudAuuWJFN2.mp4,113
1774010676,,,/mnt/linuxdisk/media/images/lulz/17738115557350797976.mp4,70
1774010958,15,t.me/dvachannel,/mnt/linuxdisk/media/images/lulz/17736418396400302582.mp4,87
1774011123,,,/mnt/linuxdisk/media/images/lulz/17730495936990392205.mp4,70
1774011928,,,/home/grigory/MyStuff/my-git/Portfolio-v2/public/projects/tatell/mobile-video.webm,95
1774017314,,,/home/grigory/MyStuff/my-git/Portfolio-v2/public/projects/tatell/output.webm,89
1774017603,,,/home/grigory/MyStuff/my-git/Portfolio-v2/public/projects/tatell/output.webm,89
1774022876,,,/home/grigory/Downloads-Torrent/[A&C] One Piece - [0131-0206] [R2J DVDrip] [Multi-Audio-Subs] [VFR]/[A&C] One Piece - 0169 [DVDrip] [Multi-Audio-Subs] [40BCA8AA].mkv,178
1774022884,,,/home/grigory/Downloads-Torrent/[A&C] One Piece - [0131-0206] [R2J DVDrip] [Multi-Audio-Subs] [VFR]/[A&C] One Piece - 0170 [DVDrip] [Multi-Audio-Subs] [A793069D].mkv,178
1774026034,,,/home/grigory/Downloads-Torrent/[A&C] One Piece - [0131-0206] [R2J DVDrip] [Multi-Audio-Subs] [VFR]/[A&C] One Piece - 0171 [DVDrip] [Multi-Audio-Subs] [D0773261].mkv,178
1774027332,,,/home/grigory/Downloads-Torrent/[A&C] One Piece - [0131-0206] [R2J DVDrip] [Multi-Audio-Subs] [VFR]/[A&C] One Piece - 0172 [DVDrip] [Multi-Audio-Subs] [21FE8DD9].mkv,178
1774028518,,,/home/grigory/Downloads-Torrent/[A&C] One Piece - [0131-0206] [R2J DVDrip] [Multi-Audio-Subs] [VFR]/[A&C] One Piece - 0173 [DVDrip] [Multi-Audio-Subs] [C53B666F].mkv,178
1774029722,,,/home/grigory/Downloads-Torrent/[A&C] One Piece - [0131-0206] [R2J DVDrip] [Multi-Audio-Subs] [VFR]/[A&C] One Piece - 0174 [DVDrip] [Multi-Audio-Subs] [E2C32DDC].mkv,178
1774031872,,,/home/grigory/Downloads-Torrent/[A&C] One Piece - [0131-0206] [R2J DVDrip] [Multi-Audio-Subs] [VFR]/[A&C] One Piece - 0175 [DVDrip] [Multi-Audio-Subs] [FBF7B24A].mkv,178
1774033284,,,/home/grigory/Downloads-Torrent/[A&C] One Piece - [0131-0206] [R2J DVDrip] [Multi-Audio-Subs] [VFR]/[A&C] One Piece - 0176 [DVDrip] [Multi-Audio-Subs] [B1680326].mkv,178
1774077398,,,/home/grigory/MyStuff/my-git/Portfolio-v2/public/projects/tatell/mobile-video.webm,95
1774077407,,,/home/grigory/MyStuff/my-git/Portfolio-v2/public/projects/tatell/og.webm,85
1774077633,,,/home/grigory/MyStuff/my-git/Portfolio-v2/public/projects/tatell/output.webm,89
1774078067,,,/home/grigory/Downloads/output.webm,48
1774078370,,,/home/grigory/Downloads/output.webm,48
1774112495,,,/home/grigory/MyStuff/my-git/Portfolio-v2/public/projects/tatell/mobile-video.webm,95
1774112503,,,/home/grigory/Downloads-Torrent/[A&C] One Piece - [0131-0206] [R2J DVDrip] [Multi-Audio-Subs] [VFR]/[A&C] One Piece - 0176 [DVDrip] [Multi-Audio-Subs] [B1680326].mkv,178
1774112507,,,/home/grigory/Downloads-Torrent/[A&C] One Piece - [0131-0206] [R2J DVDrip] [Multi-Audio-Subs] [VFR]/[A&C] One Piece - 0177 [DVDrip] [Multi-Audio-Subs] [A9C94CBE].mkv,178
1774113873,,,/home/grigory/Downloads-Torrent/[A&C] One Piece - [0131-0206] [R2J DVDrip] [Multi-Audio-Subs] [VFR]/[A&C] One Piece - 0178 [DVDrip] [Multi-Audio-Subs] [4CB03C4E].mkv,178
1774115094,,,/home/grigory/Downloads-Torrent/[A&C] One Piece - [0131-0206] [R2J DVDrip] [Multi-Audio-Subs] [VFR]/[A&C] One Piece - 0179 [DVDrip] [Multi-Audio-Subs] [B42CF48C].mkv,178
1774116390,,,/home/grigory/Downloads-Torrent/[A&C] One Piece - [0131-0206] [R2J DVDrip] [Multi-Audio-Subs] [VFR]/[A&C] One Piece - 0180 [DVDrip] [Multi-Audio-Subs] [0147562C].mkv,178
1774122493,,,/home/grigory/Downloads-Torrent/[A&C] One Piece - [0131-0206] [R2J DVDrip] [Multi-Audio-Subs] [VFR]/[A&C] One Piece - 0181 [DVDrip] [Multi-Audio-Subs] [F3EFBFEC].mkv,178
1774168168,,,/mnt/linuxdisk/media/images/lulz/17739592930110290881.mp4,70
1774198086,,,/home/grigory/Downloads-Torrent/[A&C] One Piece - [0131-0206] [R2J DVDrip] [Multi-Audio-Subs] [VFR]/[A&C] One Piece - 0181 [DVDrip] [Multi-Audio-Subs] [F3EFBFEC].mkv,178
1774198092,,,/home/grigory/Downloads-Torrent/[A&C] One Piece - [0131-0206] [R2J DVDrip] [Multi-Audio-Subs] [VFR]/[A&C] One Piece - 0182 [DVDrip] [Multi-Audio-Subs] [B5D1C65C].mkv,178
1774199584,,,/home/grigory/Downloads-Torrent/[A&C] One Piece - [0131-0206] [R2J DVDrip] [Multi-Audio-Subs] [VFR]/[A&C] One Piece - 0183 [DVDrip] [Multi-Audio-Subs] [604F044E].mkv,178
1774200724,,,/home/grigory/Downloads-Torrent/[A&C] One Piece - [0131-0206] [R2J DVDrip] [Multi-Audio-Subs] [VFR]/[A&C] One Piece - 0184 [DVDrip] [Multi-Audio-Subs] [F039E85B].mkv,178
1774201881,,,/home/grigory/Downloads-Torrent/[A&C] One Piece - [0131-0206] [R2J DVDrip] [Multi-Audio-Subs] [VFR]/[A&C] One Piece - 0185 [DVDrip] [Multi-Audio-Subs] [518CA04B].mkv,178
1774205661,,,/home/grigory/Downloads-Torrent/[A&C] One Piece - [0131-0206] [R2J DVDrip] [Multi-Audio-Subs] [VFR]/[A&C] One Piece - 0186 [DVDrip] [Multi-Audio-Subs] [F29429A4].mkv,178
1774206968,,,/home/grigory/Downloads-Torrent/[A&C] One Piece - [0131-0206] [R2J DVDrip] [Multi-Audio-Subs] [VFR]/[A&C] One Piece - 0187 [DVDrip] [Multi-Audio-Subs] [683454E9].mkv,178
1774282016,,,/mnt/linuxdisk/media/images/lulz/17741647386601234749.mp4,70
1774286399,,,/home/grigory/Downloads-Torrent/[A&C] One Piece - [0131-0206] [R2J DVDrip] [Multi-Audio-Subs] [VFR]/[A&C] One Piece - 0187 [DVDrip] [Multi-Audio-Subs] [683454E9].mkv,178
1774286406,,,/home/grigory/Downloads-Torrent/[A&C] One Piece - [0131-0206] [R2J DVDrip] [Multi-Audio-Subs] [VFR]/[A&C] One Piece - 0188 [DVDrip] [Multi-Audio-Subs] [34D68117].mkv,178
1774287758,,,/home/grigory/Downloads-Torrent/[A&C] One Piece - [0131-0206] [R2J DVDrip] [Multi-Audio-Subs] [VFR]/[A&C] One Piece - 0189 [DVDrip] [Multi-Audio-Subs] [04654550].mkv,178
1774290240,,,/home/grigory/Downloads-Torrent/[A&C] One Piece - [0131-0206] [R2J DVDrip] [Multi-Audio-Subs] [VFR]/[A&C] One Piece - 0190 [DVDrip] [Multi-Audio-Subs] [DC92F6FB].mkv,178
1774294221,,,/home/grigory/Downloads-Torrent/[A&C] One Piece - [0131-0206] [R2J DVDrip] [Multi-Audio-Subs] [VFR]/[A&C] One Piece - 0191 [DVDrip] [Multi-Audio-Subs] [3E62855A].mkv,178
1774343531,,,/home/grigory/Downloads-Torrent/Carmen Electra/1 - Carmen_Electra_-_Aerobic_Striptease.avi,103
1774343535,,,/home/grigory/Downloads-Torrent/Carmen Electra/2 - Carmen_Electra_-_Fit_to_Strip.avi,97
1774370439,,,/home/grigory/Downloads-Torrent/[A&C] One Piece - [0131-0206] [R2J DVDrip] [Multi-Audio-Subs] [VFR]/[A&C] One Piece - 0191 [DVDrip] [Multi-Audio-Subs] [3E62855A].mkv,178
1774370451,,,/home/grigory/Downloads-Torrent/[A&C] One Piece - [0131-0206] [R2J DVDrip] [Multi-Audio-Subs] [VFR]/[A&C] One Piece - 0192 [DVDrip] [Multi-Audio-Subs] [C9BA27A8].mkv,178
1774371618,,,/home/grigory/Downloads-Torrent/[A&C] One Piece - [0131-0206] [R2J DVDrip] [Multi-Audio-Subs] [VFR]/[A&C] One Piece - 0193 [DVDrip] [Multi-Audio-Subs] [4B8ECA1A].mkv,178
1774372889,,,/home/grigory/Downloads-Torrent/[A&C] One Piece - [0131-0206] [R2J DVDrip] [Multi-Audio-Subs] [VFR]/[A&C] One Piece - 0194 [DVDrip] [Multi-Audio-Subs] [19ED7A72].mkv,178
1774374131,,,/home/grigory/Downloads-Torrent/[A&C] One Piece - [0131-0206] [R2J DVDrip] [Multi-Audio-Subs] [VFR]/[A&C] One Piece - 0195 [DVDrip] [Multi-Audio-Subs] [E4649C05].mkv,178
1774376304,,,/mnt/linuxdisk/media/images/lulz/17739369329510141818.mp4,70
1774376311,22,American Psycho (2000),/home/grigory/Downloads-Torrent/American.Psycho.2000.BDRip.AVC.AC3.mkv,107
1774376729,,,/home/grigory/Downloads-Torrent/[A&C] One Piece - [0131-0206] [R2J DVDrip] [Multi-Audio-Subs] [VFR]/[A&C] One Piece - 0196 [DVDrip] [Multi-Audio-Subs] [E7E032A4].mkv,178
1774376757,,,/home/grigory/Downloads-Torrent/[A&C] One Piece - [0131-0206] [R2J DVDrip] [Multi-Audio-Subs] [VFR]/[A&C] One Piece - 0196 [DVDrip] [Multi-Audio-Subs] [E7E032A4].mkv,178
1774376978,,,/home/grigory/Downloads-Torrent/[A&C] One Piece - [0131-0206] [R2J DVDrip] [Multi-Audio-Subs] [VFR]/[A&C] One Piece - 0196 [DVDrip] [Multi-Audio-Subs] [E7E032A4].mkv,178
1774376993,,,/home/grigory/Downloads-Torrent/[A&C] One Piece - [0131-0206] [R2J DVDrip] [Multi-Audio-Subs] [VFR]/[A&C] One Piece - 0195 [DVDrip] [Multi-Audio-Subs] [E4649C05].mkv,178
1774377001,,,/home/grigory/Downloads-Torrent/[A&C] One Piece - [0131-0206] [R2J DVDrip] [Multi-Audio-Subs] [VFR]/[A&C] One Piece - 0196 [DVDrip] [Multi-Audio-Subs] [E7E032A4].mkv,178
1774423367,,,/mnt/linuxdisk/media/images/generic/17698358144700.mp4,67
1774425414,,,/mnt/linuxdisk/media/images/generic/17727007638700610024.mp4,73
1774444131,,,/home/grigory/Downloads/Bdar.mp4,45
1774457000,,,/home/grigory/Downloads-Torrent/[A&C] One Piece - [0131-0206] [R2J DVDrip] [Multi-Audio-Subs] [VFR]/[A&C] One Piece - 0196 [DVDrip] [Multi-Audio-Subs] [E7E032A4].mkv,178
1774457005,,,/home/grigory/Downloads-Torrent/[A&C] One Piece - [0131-0206] [R2J DVDrip] [Multi-Audio-Subs] [VFR]/[A&C] One Piece - 0197 [DVDrip] [Multi-Audio-Subs] [380C63A1].mkv,178
1774458361,,,/home/grigory/Downloads-Torrent/[A&C] One Piece - [0131-0206] [R2J DVDrip] [Multi-Audio-Subs] [VFR]/[A&C] One Piece - 0198 [DVDrip] [Multi-Audio-Subs] [5C48B3E5].mkv,178
1774459621,,,/home/grigory/Downloads-Torrent/[A&C] One Piece - [0131-0206] [R2J DVDrip] [Multi-Audio-Subs] [VFR]/[A&C] One Piece - 0199 [DVDrip] [Multi-Audio-Subs] [771BEE54].mkv,178
1774460957,,,/home/grigory/Downloads-Torrent/[A&C] One Piece - [0131-0206] [R2J DVDrip] [Multi-Audio-Subs] [VFR]/[A&C] One Piece - 0200 [DVDrip] [Multi-Audio-Subs] [5004CE6F].mkv,178
1774464025,,,/home/grigory/Downloads-Torrent/[A&C] One Piece - [0131-0206] [R2J DVDrip] [Multi-Audio-Subs] [VFR]/[A&C] One Piece - 0201 [DVDrip] [Multi-Audio-Subs] [DD6770B7].mkv,178
1774465248,,,/home/grigory/Downloads-Torrent/[A&C] One Piece - [0131-0206] [R2J DVDrip] [Multi-Audio-Subs] [VFR]/[A&C] One Piece - 0202 [DVDrip] [Multi-Audio-Subs] [EED08CA1].mkv,178
1774542568,,,/home/grigory/Downloads-Torrent/[A&C] One Piece - [0131-0206] [R2J DVDrip] [Multi-Audio-Subs] [VFR]/[A&C] One Piece - 0202 [DVDrip] [Multi-Audio-Subs] [EED08CA1].mkv,178
1774542589,,,/home/grigory/Downloads-Torrent/[A&C] One Piece - [0131-0206] [R2J DVDrip] [Multi-Audio-Subs] [VFR]/[A&C] One Piece - 0203 [DVDrip] [Multi-Audio-Subs] [430D9DBD].mkv,178
1774543885,,,/home/grigory/Downloads-Torrent/[A&C] One Piece - [0131-0206] [R2J DVDrip] [Multi-Audio-Subs] [VFR]/[A&C] One Piece - 0204 [DVDrip] [Multi-Audio-Subs] [8862FD5B].mkv,178
1774545118,,,/home/grigory/Downloads-Torrent/[A&C] One Piece - [0131-0206] [R2J DVDrip] [Multi-Audio-Subs] [VFR]/[A&C] One Piece - 0205 [DVDrip] [Multi-Audio-Subs] [0771C428].mkv,178
1774546426,,,/home/grigory/Downloads-Torrent/[A&C] One Piece - [0131-0206] [R2J DVDrip] [Multi-Audio-Subs] [VFR]/[A&C] One Piece - 0206 [DVDrip] [Multi-Audio-Subs] [C37FDD81].mkv,178
1774548877,,,/home/grigory/Downloads-Torrent/[A&C] One Piece - [0131-0206] [R2J DVDrip] [Multi-Audio-Subs] [VFR]/[A&C] One Piece - 0205 [DVDrip] [Multi-Audio-Subs] [0771C428].mkv,178
1774548877,,,/home/grigory/Downloads-Torrent/[A&C] One Piece - [0131-0206] [R2J DVDrip] [Multi-Audio-Subs] [VFR]/[A&C] One Piece - 0206 [DVDrip] [Multi-Audio-Subs] [C37FDD81].mkv,178
1774549634,,,/home/grigory/Downloads-Torrent/[A&C] One Piece - [0207-0336] [WEB] [Multi-Audio-Subs]/[A&C] One Piece S07E12 (0207) (WEB HEVC 1080p) [Multi-Audio-Subs] [4ED88C18].mkv,180
1774576684,,,/mnt/linuxdisk/media/images/lulz/17744556869380255232.mp4,70
1774578982,,,/mnt/linuxdisk/media/music/openings/One Piece： Opening 2 - Believe! (Full Russian version) [zAwe1QsG6tM].webm,124
1774583195,,,/mnt/linuxdisk/media/images/lulz/17744584695210144172.mp4,70
1774583206,,,/mnt/linuxdisk/media/images/lulz/17744573120292852525.mp4,70
1774583231,,,/mnt/linuxdisk/media/images/lulz/17744556869380255232.mp4,70
1774583252,,,/mnt/linuxdisk/media/images/lulz/17739768592830581440.mp4,70
1774583259,,,/mnt/linuxdisk/media/images/lulz/AQPKwqZt0lKxUIBmShVjfrTDHPI1n3ytABamj27HUuICoRQL5zMtHudAuuWJFN2.mp4,113
1774587573,,,/home/grigory/Videos/Screencasts/Screencast From 2026-03-27 07-59-19.webm,86
1774600872,,,/home/grigory/Videos/Screencasts/Screencast From 2026-03-27 07-59-19.webm,86
1774614329,,,/home/grigory/Downloads-Torrent/[A&C] One Piece - [0207-0336] [WEB] [Multi-Audio-Subs]/[A&C] One Piece S07E12 (0207) (WEB HEVC 1080p) [Multi-Audio-Subs] [4ED88C18].mkv,180
1774620702,,,/mnt/linuxdisk/media/images/lulz/17744556869380255232.mp4,70
1774625175,,,/mnt/linuxdisk/media/images/lulz/17744556869380255232.mp4,70
1774625176,,,/mnt/linuxdisk/media/images/lulz/17744556869380255232.mp4,70
1774626905,,,/mnt/linuxdisk/media/images/lulz/17738115557350797976.mp4,70
1774635028,,,/home/grigory/Downloads-Torrent/[A&C] One Piece - [0207-0336] [WEB] [Multi-Audio-Subs]/[A&C] One Piece S07E12 (0207) (WEB HEVC 1080p) [Multi-Audio-Subs] [4ED88C18].mkv,180
1774635033,,,/home/grigory/Downloads-Torrent/[A&C] One Piece - [0207-0336] [WEB] [Multi-Audio-Subs]/[A&C] One Piece S07E13 (0208) (WEB HEVC 1080p) [Multi-Audio-Subs] [31738370].mkv,180
1774637373,,,/home/grigory/Downloads-Torrent/[A&C] One Piece - [0207-0336] [WEB] [Multi-Audio-Subs]/[A&C] One Piece S07E14 (0209) (WEB HEVC 1080p) [Multi-Audio-Subs] [57C4CD67].mkv,180
1774639104,,,/home/grigory/Downloads-Torrent/[A&C] One Piece - [0207-0336] [WEB] [Multi-Audio-Subs]/[A&C] One Piece S07E15 (0210) (WEB HEVC 1080p) [Multi-Audio-Subs] [44C47770].mkv,180
1774640459,,,/home/grigory/Downloads-Torrent/[A&C] One Piece - [0207-0336] [WEB] [Multi-Audio-Subs]/[A&C] One Piece S07E16 (0211) (WEB HEVC 1080p) [Multi-Audio-Subs] [A525AE27].mkv,180
1774641949,,,/home/grigory/Downloads-Torrent/[A&C] One Piece - [0207-0336] [WEB] [Multi-Audio-Subs]/[A&C] One Piece S07E17 (0212) (WEB HEVC 1080p) [Multi-Audio-Subs] [3F1F3B99].mkv,180
1774693247,,,/home/grigory/Downloads/17746059166902279806.mp4,61
1774693252,,,/home/grigory/Downloads/17746069539772584667.mp4,61
1774717377,,,/home/grigory/Downloads-Torrent/[A&C] One Piece - [0207-0336] [WEB] [Multi-Audio-Subs]/[A&C] One Piece S07E17 (0212) (WEB HEVC 1080p) [Multi-Audio-Subs] [3F1F3B99].mkv,180
1774717546,,,/home/grigory/Downloads-Torrent/[A&C] One Piece - [0207-0336] [WEB] [Multi-Audio-Subs]/[A&C] One Piece S07E18 (0213) (WEB HEVC 1080p) [Multi-Audio-Subs] [AF0B265B].mkv,180
1774718832,,,/home/grigory/Downloads-Torrent/[A&C] One Piece - [0207-0336] [WEB] [Multi-Audio-Subs]/[A&C] One Piece S07E19 (0214) (WEB HEVC 1080p) [Multi-Audio-Subs] [B8556A2A].mkv,180
1774720085,,,/home/grigory/Downloads-Torrent/[A&C] One Piece - [0207-0336] [WEB] [Multi-Audio-Subs]/[A&C] One Piece S07E20 (0215) (WEB HEVC 1080p) [Multi-Audio-Subs] [8558F707].mkv,180
1774721467,,,/home/grigory/Downloads-Torrent/[A&C] One Piece - [0207-0336] [WEB] [Multi-Audio-Subs]/[A&C] One Piece S07E21 (0216) (WEB HEVC 1080p) [Multi-Audio-Subs] [F5A46983].mkv,180
1774722725,,,/home/grigory/Downloads-Torrent/[A&C] One Piece - [0207-0336] [WEB] [Multi-Audio-Subs]/[A&C] One Piece S07E22 (0217) (WEB HEVC 1080p) [Multi-Audio-Subs] [6D4CE359].mkv,180
1774727048,,,/home/grigory/Downloads-Torrent/[A&C] One Piece - [0207-0336] [WEB] [Multi-Audio-Subs]/[A&C] One Piece S07E23 (0218) (WEB HEVC 1080p) [Multi-Audio-Subs] [239EEF53].mkv,180
1774759690,14,SDP Descrption,/mnt/linuxdisk/media/images/lulz/17746917436480642571.mp4,86
1774759717,,,/mnt/linuxdisk/media/images/lulz/17746212152442532204.mp4,70
1774759721,,,/mnt/linuxdisk/media/images/lulz/17746212152873543832.mp4,70
1774759725,,,/mnt/linuxdisk/media/images/lulz/17746214865450135610.mp4,70
1774759727,,,/mnt/linuxdisk/media/images/lulz/17746712049290703797.mp4,70
1774759741,,,/mnt/linuxdisk/media/images/lulz/17746218285103699404.mp4,70
1774759752,,,/mnt/linuxdisk/media/images/lulz/17746218283630293806.mp4,70
1774759762,,,/mnt/linuxdisk/media/images/lulz/17746215388860120920.mp4,70
1774759766,,,/mnt/linuxdisk/media/images/lulz/17746212152442532204.mp4,70
1774759768,,,/mnt/linuxdisk/media/images/lulz/17746184020730869415.mp4,70
1774759808,,,/mnt/linuxdisk/media/images/lulz/17746146035902324882.mp4,70
1774759821,,,/mnt/linuxdisk/media/images/lulz/17746184021111649422.mp4,70
1774759850,,,/mnt/linuxdisk/media/images/lulz/17744585445073917676.mp4,70
1774759853,26,Двач - t.me/dvachannel,/mnt/linuxdisk/media/images/lulz/17744585178340235419.mp4,98
1774759867,26,Двач - t.me/dvachannel,/mnt/linuxdisk/media/images/lulz/17744584914431830980.mp4,98
1774759880,,,/mnt/linuxdisk/media/images/lulz/17744584695210144172.mp4,70
1774795191,,,/mnt/linuxdisk/media/images/lulz/17746212152442532204.mp4,70
1774802285,,,/home/grigory/Downloads-Torrent/[A&C] One Piece - [0207-0336] [WEB] [Multi-Audio-Subs]/[A&C] One Piece S07E23 (0218) (WEB HEVC 1080p) [Multi-Audio-Subs] [239EEF53].mkv,180
1774802292,,,/home/grigory/Downloads-Torrent/[A&C] One Piece - [0207-0336] [WEB] [Multi-Audio-Subs]/[A&C] One Piece S07E24 (0219) (WEB HEVC 1080p) [Multi-Audio-Subs] [93528E08].mkv,180
1774803731,,,/home/grigory/Downloads-Torrent/[A&C] One Piece - [0207-0336] [WEB] [Multi-Audio-Subs]/[A&C] One Piece S07E25 (0220) (WEB HEVC 1080p) [Multi-Audio-Subs] [2FD1BDB2].mkv,180
1774804986,,,/home/grigory/Downloads-Torrent/[A&C] One Piece - [0207-0336] [WEB] [Multi-Audio-Subs]/[A&C] One Piece S07E26 (0221) (WEB HEVC 1080p) [Multi-Audio-Subs] [E449E4A8].mkv,180
1774806191,,,/home/grigory/Downloads-Torrent/[A&C] One Piece - [0207-0336] [WEB] [Multi-Audio-Subs]/[A&C] One Piece S07E27 (0222) (WEB HEVC 1080p) [Multi-Audio-Subs] [0F2E7D40].mkv,180
1774808753,,,/home/grigory/Downloads-Torrent/[A&C] One Piece - [0207-0336] [WEB] [Multi-Audio-Subs]/[A&C] One Piece S07E28 (0223) (WEB HEVC 1080p) [Multi-Audio-Subs] [A7B3E9C1].mkv,180
1774810051,,,/home/grigory/Downloads-Torrent/[A&C] One Piece - [0207-0336] [WEB] [Multi-Audio-Subs]/[A&C] One Piece S07E29 (0224) (WEB HEVC 1080p) [Multi-Audio-Subs] [0F73831D].mkv,180
1774892928,,,/home/grigory/Downloads-Torrent/[A&C] One Piece - [0207-0336] [WEB] [Multi-Audio-Subs]/[A&C] One Piece S07E29 (0224) (WEB HEVC 1080p) [Multi-Audio-Subs] [0F73831D].mkv,180
1774892966,,,/home/grigory/Downloads-Torrent/[A&C] One Piece - [0207-0336] [WEB] [Multi-Audio-Subs]/[A&C] One Piece S07E30 (0225) (WEB HEVC 1080p) [Multi-Audio-Subs] [AF39C246].mkv,180
1774894354,,,/home/grigory/Downloads-Torrent/[A&C] One Piece - [0207-0336] [WEB] [Multi-Audio-Subs]/[A&C] One Piece S07E31 (0226) (WEB HEVC 1080p) [Multi-Audio-Subs] [DD6C469C].mkv,180
1774895575,,,/home/grigory/Downloads-Torrent/[A&C] One Piece - [0207-0336] [WEB] [Multi-Audio-Subs]/[A&C] One Piece S07E32 (0227) (WEB HEVC 1080p) [Multi-Audio-Subs] [FD6CD8FB].mkv,180
1774899106,,,/home/grigory/Downloads-Torrent/[A&C] One Piece - [0207-0336] [WEB] [Multi-Audio-Subs]/[A&C] One Piece S07E33 (0228) (WEB HEVC 1080p) [Multi-Audio-Subs] [875FC37A].mkv,180
1774927708,,,/mnt/linuxdisk/media/images/lulz/17748509658040369042.mp4,70
1774937271,,,/home/grigory/Downloads-Torrent/[A&C] One Piece - [0207-0336] [WEB] [Multi-Audio-Subs]/[A&C] One Piece S07E33 (0228) (WEB HEVC 1080p) [Multi-Audio-Subs] [875FC37A].mkv,180
1774963846,,,/mnt/linuxdisk/media/images/lulz/17748509658040369042.mp4,70
1774979091,,,/home/grigory/Downloads-Torrent/[A&C] One Piece - [0207-0336] [WEB] [Multi-Audio-Subs]/[A&C] One Piece S07E33 (0228) (WEB HEVC 1080p) [Multi-Audio-Subs] [875FC37A].mkv,180
1774979105,,,/home/grigory/Downloads-Torrent/[A&C] One Piece - [0207-0336] [WEB] [Multi-Audio-Subs]/[A&C] One Piece S08E01 (0229) (WEB HEVC 1080p) [Multi-Audio-Subs] [BF5DBA09].mkv,180
1774981449,,,/home/grigory/Downloads-Torrent/[A&C] One Piece - [0207-0336] [WEB] [Multi-Audio-Subs]/[A&C] One Piece S08E02 (0230) (WEB HEVC 1080p) [Multi-Audio-Subs] [9AD7E33B].mkv,180
1774982822,,,/home/grigory/Downloads-Torrent/[A&C] One Piece - [0207-0336] [WEB] [Multi-Audio-Subs]/[A&C] One Piece S08E03 (0231) (WEB HEVC 1080p) [Multi-Audio-Subs] [67A9C8FE].mkv,180
1775017184,,,/mnt/linuxdisk/media/images/lulz/17748509658040369042.mp4,70
1775017208,,,/run/media/grigory/GAY PORN/old/zip/12/mobile/mobile/A.Old/toLinux/luls/382848482.webm,99
1775017215,,,/run/media/grigory/GAY PORN/old/zip/12/mobile/mobile/A.Old/toLinux/luls/17700471127181249468.mp4,109
1775018498,,,/mnt/linuxdisk/media/images/lulz/17748509658040369042.mp4,70
1775018522,,,/mnt/linuxdisk/media/images/lulz/17748652188180274853 (1).mp4,74
1775018526,,,/mnt/linuxdisk/media/images/lulz/17748509658040369042.mp4,70
1775018529,,,/mnt/linuxdisk/media/images/lulz/17748865756170744339.mp4,70
1775019282,,,/mnt/linuxdisk/media/images/lulz/17750165373650161027.mp4,70
1775066843,,,/mnt/linuxdisk/media/images/lulz/17701557783540199796.mp4,70
1775066850,,,/mnt/linuxdisk/media/images/lulz/17701557783540199796.mp4,70
1775066862,,,/mnt/linuxdisk/media/images/lulz/17750085918500761725.mp4,70
1775066869,,,/mnt/linuxdisk/media/images/lulz/17748865756170744339.mp4,70
1775066880,,,/mnt/linuxdisk/media/images/lulz/17749597981390937270.mp4,70
1775067990,,,/home/grigory/Downloads-Torrent/[A&C] One Piece - [0207-0336] [WEB] [Multi-Audio-Subs]/[A&C] One Piece S08E03 (0231) (WEB HEVC 1080p) [Multi-Audio-Subs] [67A9C8FE].mkv,180
1775067997,,,/home/grigory/Downloads-Torrent/[A&C] One Piece - [0207-0336] [WEB] [Multi-Audio-Subs]/[A&C] One Piece S08E04 (0232) (WEB HEVC 1080p) [Multi-Audio-Subs] [E5EC319E].mkv,180
1775068019,,,/home/grigory/Downloads-Torrent/[A&C] One Piece - [0207-0336] [WEB] [Multi-Audio-Subs]/[A&C] One Piece S08E04 (0232) (WEB HEVC 1080p) [Multi-Audio-Subs] [E5EC319E].mkv,180
1775071118,,,/home/grigory/Downloads-Torrent/[A&C] One Piece - [0207-0336] [WEB] [Multi-Audio-Subs]/[A&C] One Piece S08E05 (0233) (WEB HEVC 1080p) [Multi-Audio-Subs] [6B2643BB].mkv,180
1775072559,,,/home/grigory/Downloads-Torrent/[A&C] One Piece - [0207-0336] [WEB] [Multi-Audio-Subs]/[A&C] One Piece S08E06 (0234) (WEB HEVC 1080p) [Multi-Audio-Subs] [E0959B30].mkv,180
1775104289,,,/mnt/linuxdisk/my-stuff/photos/phone/1/IMG_2352.MOV,64
1775104352,,,/mnt/linuxdisk/my-stuff/photos/phone/1/IMG_2352.MOV,64
1775104484,,,/home/grigory/tmp/shit/output.mp4,46
1775105017,,,/home/grigory/tmp/shit/compressed.mp4,50
1775105044,,,/home/grigory/tmp/shit/compressed.mp4,50
1775105990,,,/home/grigory/Downloads/17746069539772584667.mp4,61
1775113172,,,/home/grigory/Downloads/17746069539772584667.mp4,61
1775130067,,,/home/grigory/Downloads-Torrent/[A&C] One Piece - [0207-0336] [WEB] [Multi-Audio-Subs]/[A&C] One Piece S08E06 (0234) (WEB HEVC 1080p) [Multi-Audio-Subs] [E0959B30].mkv,180
1775147420,,,/home/grigory/Downloads-Torrent/[A&C] One Piece - [0207-0336] [WEB] [Multi-Audio-Subs]/[A&C] One Piece S08E06 (0234) (WEB HEVC 1080p) [Multi-Audio-Subs] [E0959B30].mkv,180
1775147460,,,/home/grigory/Downloads-Torrent/[A&C] One Piece - [0207-0336] [WEB] [Multi-Audio-Subs]/[A&C] One Piece S08E07 (0235) (WEB HEVC 1080p) [Multi-Audio-Subs] [8E79B2DB].mkv,180
1775149206,,,/home/grigory/Downloads-Torrent/[A&C] One Piece - [0207-0336] [WEB] [Multi-Audio-Subs]/[A&C] One Piece S08E08 (0236) (WEB HEVC 1080p) [Multi-Audio-Subs] [10CB9202].mkv,180
1775150297,,,/home/grigory/Downloads-Torrent/[A&C] One Piece - [0207-0336] [WEB] [Multi-Audio-Subs]/[A&C] One Piece S08E09 (0237) (WEB HEVC 1080p) [Multi-Audio-Subs] [1C67A198].mkv,180
1775151511,,,/home/grigory/Downloads-Torrent/[A&C] One Piece - [0207-0336] [WEB] [Multi-Audio-Subs]/[A&C] One Piece S08E10 (0238) (WEB HEVC 1080p) [Multi-Audio-Subs] [0C864705].mkv,180
1775154063,,,/home/grigory/Downloads-Torrent/[A&C] One Piece - [0207-0336] [WEB] [Multi-Audio-Subs]/[A&C] One Piece S08E11 (0239) (WEB HEVC 1080p) [Multi-Audio-Subs] [10A6FCA6].mkv,180
1775155517,,,/home/grigory/Downloads-Torrent/[A&C] One Piece - [0207-0336] [WEB] [Multi-Audio-Subs]/[A&C] One Piece S08E12 (0240) (WEB HEVC 1080p) [Multi-Audio-Subs] [0E456C11].mkv,180
1775156815,,,/home/grigory/Downloads-Torrent/[A&C] One Piece - [0207-0336] [WEB] [Multi-Audio-Subs]/[A&C] One Piece S08E13 (0241) (WEB HEVC 1080p) [Multi-Audio-Subs] [D5879C1F].mkv,180
1775234400,,,/home/grigory/Downloads-Torrent/[A&C] One Piece - [0207-0336] [WEB] [Multi-Audio-Subs]/[A&C] One Piece S08E13 (0241) (WEB HEVC 1080p) [Multi-Audio-Subs] [D5879C1F].mkv,180
1775234408,,,/home/grigory/Downloads-Torrent/[A&C] One Piece - [0207-0336] [WEB] [Multi-Audio-Subs]/[A&C] One Piece S08E14 (0242) (WEB HEVC 1080p) [Multi-Audio-Subs] [C8A18812].mkv,180
1775236061,,,/home/grigory/Downloads-Torrent/[A&C] One Piece - [0207-0336] [WEB] [Multi-Audio-Subs]/[A&C] One Piece S08E15 (0243) (WEB HEVC 1080p) [Multi-Audio-Subs] [A84E0604].mkv,180
1775237465,,,/home/grigory/Downloads-Torrent/[A&C] One Piece - [0207-0336] [WEB] [Multi-Audio-Subs]/[A&C] One Piece S08E16 (0244) (WEB HEVC 1080p) [Multi-Audio-Subs] [85770F37].mkv,180
1775238693,,,/home/grigory/Downloads-Torrent/[A&C] One Piece - [0207-0336] [WEB] [Multi-Audio-Subs]/[A&C] One Piece S08E17 (0245) (WEB HEVC 1080p) [Multi-Audio-Subs] [2CA2EECF].mkv,180
1775239850,,,/home/grigory/Downloads-Torrent/[A&C] One Piece - [0207-0336] [WEB] [Multi-Audio-Subs]/[A&C] One Piece S08E18 (0246) (WEB HEVC 1080p) [Multi-Audio-Subs] [FEC17FC0].mkv,180
1775242172,,,/home/grigory/Downloads-Torrent/[A&C] One Piece - [0207-0336] [WEB] [Multi-Audio-Subs]/[A&C] One Piece S08E19 (0247) (WEB HEVC 1080p) [Multi-Audio-Subs] [5124ED5B].mkv,180
1775243649,,,/home/grigory/Downloads-Torrent/[A&C] One Piece - [0207-0336] [WEB] [Multi-Audio-Subs]/[A&C] One Piece S08E20 (0248) (WEB HEVC 1080p) [Multi-Audio-Subs] [2137245B].mkv,180
1775321209,,,/home/grigory/Downloads-Torrent/[A&C] One Piece - [0207-0336] [WEB] [Multi-Audio-Subs]/[A&C] One Piece S08E20 (0248) (WEB HEVC 1080p) [Multi-Audio-Subs] [2137245B].mkv,180
1775321288,,,/home/grigory/Downloads-Torrent/[A&C] One Piece - [0207-0336] [WEB] [Multi-Audio-Subs]/[A&C] One Piece S08E21 (0249) (WEB HEVC 1080p) [Multi-Audio-Subs] [71DE58FD].mkv,180
1775322736,,,/home/grigory/Downloads-Torrent/[A&C] One Piece - [0207-0336] [WEB] [Multi-Audio-Subs]/[A&C] One Piece S08E22 (0250) (WEB HEVC 1080p) [Multi-Audio-Subs] [81B64820].mkv,180
1775324062,,,/home/grigory/Downloads-Torrent/[A&C] One Piece - [0207-0336] [WEB] [Multi-Audio-Subs]/[A&C] One Piece S08E23 (0251) (WEB HEVC 1080p) [Multi-Audio-Subs] [B722263D].mkv,180
1775325390,,,/home/grigory/Downloads-Torrent/[A&C] One Piece - [0207-0336] [WEB] [Multi-Audio-Subs]/[A&C] One Piece S08E24 (0252) (WEB HEVC 1080p) [Multi-Audio-Subs] [37691662].mkv,180
1775328220,,,/home/grigory/Downloads-Torrent/[A&C] One Piece - [0207-0336] [WEB] [Multi-Audio-Subs]/[A&C] One Piece S08E23 (0251) (WEB HEVC 1080p) [Multi-Audio-Subs] [B722263D].mkv,180
1775328245,,,/home/grigory/Downloads-Torrent/[A&C] One Piece - [0207-0336] [WEB] [Multi-Audio-Subs]/[A&C] One Piece S08E24 (0252) (WEB HEVC 1080p) [Multi-Audio-Subs] [37691662].mkv,180
1775329490,,,/home/grigory/Downloads-Torrent/[A&C] One Piece - [0207-0336] [WEB] [Multi-Audio-Subs]/[A&C] One Piece S08E25 (0253) (WEB HEVC 1080p) [Multi-Audio-Subs] [E7C6B8CF].mkv,180
1775330819,,,/home/grigory/Downloads-Torrent/[A&C] One Piece - [0207-0336] [WEB] [Multi-Audio-Subs]/[A&C] One Piece S08E26 (0254) (WEB HEVC 1080p) [Multi-Audio-Subs] [649E03F7].mkv,180
1775408200,,,/home/grigory/Downloads-Torrent/[A&C] One Piece - [0207-0336] [WEB] [Multi-Audio-Subs]/[A&C] One Piece S08E26 (0254) (WEB HEVC 1080p) [Multi-Audio-Subs] [649E03F7].mkv,180
1775408203,,,/home/grigory/Downloads-Torrent/[A&C] One Piece - [0207-0336] [WEB] [Multi-Audio-Subs]/[A&C] One Piece S08E27 (0255) (WEB HEVC 1080p) [Multi-Audio-Subs] [03FB03BC].mkv,180
1775409677,,,/home/grigory/Downloads-Torrent/[A&C] One Piece - [0207-0336] [WEB] [Multi-Audio-Subs]/[A&C] One Piece S08E28 (0256) (WEB HEVC 1080p) [Multi-Audio-Subs] [DD0435F8].mkv,180
1775410876,,,/home/grigory/Downloads-Torrent/[A&C] One Piece - [0207-0336] [WEB] [Multi-Audio-Subs]/[A&C] One Piece S08E29 (0257) (WEB HEVC 1080p) [Multi-Audio-Subs] [D7716E66].mkv,180
1775412036,,,/home/grigory/Downloads-Torrent/[A&C] One Piece - [0207-0336] [WEB] [Multi-Audio-Subs]/[A&C] One Piece S08E30 (0258) (WEB HEVC 1080p) [Multi-Audio-Subs] [70061B64].mkv,180
1775414129,,,/home/grigory/Downloads-Torrent/[A&C] One Piece - [0207-0336] [WEB] [Multi-Audio-Subs]/[A&C] One Piece S08E31 (0259) (WEB HEVC 1080p) [Multi-Audio-Subs] [A20F49A8].mkv,180
1775415252,,,/home/grigory/Downloads-Torrent/[A&C] One Piece - [0207-0336] [WEB] [Multi-Audio-Subs]/[A&C] One Piece S08E32 (0260) (WEB HEVC 1080p) [Multi-Audio-Subs] [C89297F5].mkv,180
1775494239,,,/mnt/linuxdisk/media/images/lulz/i6ocjndns0f0d11m0720x1280.mp4,75
1775494251,,,/mnt/linuxdisk/media/images/lulz/i6ocjndns0f0d11m0720x1280.mp4,75
1775494263,,,/mnt/linuxdisk/media/images/lulz/i6ocjndns0f0d11m0720x1280.mp4,75
1775494331,,,/home/grigory/Downloads-Torrent/[A&C] One Piece - [0207-0336] [WEB] [Multi-Audio-Subs]/[A&C] One Piece S08E32 (0260) (WEB HEVC 1080p) [Multi-Audio-Subs] [C89297F5].mkv,180
1775494361,,,/home/grigory/Downloads-Torrent/[A&C] One Piece - [0207-0336] [WEB] [Multi-Audio-Subs]/[A&C] One Piece S08E31 (0259) (WEB HEVC 1080p) [Multi-Audio-Subs] [A20F49A8].mkv,180
1775494372,,,/home/grigory/Downloads-Torrent/[A&C] One Piece - [0207-0336] [WEB] [Multi-Audio-Subs]/[A&C] One Piece S08E32 (0260) (WEB HEVC 1080p) [Multi-Audio-Subs] [C89297F5].mkv,180
1775494561,,,/home/grigory/Downloads-Torrent/[A&C] One Piece - [0207-0336] [WEB] [Multi-Audio-Subs]/[A&C] One Piece S08E33 (0261) (WEB HEVC 1080p) [Multi-Audio-Subs] [B1DCAA43].mkv,180
1775496638,,,/home/grigory/Downloads-Torrent/[A&C] One Piece - [0207-0336] [WEB] [Multi-Audio-Subs]/[A&C] One Piece S08E34 (0262) (WEB HEVC 1080p) [Multi-Audio-Subs] [0BC97C11].mkv,180
1775497715,,,/home/grigory/Downloads-Torrent/[A&C] One Piece - [0207-0336] [WEB] [Multi-Audio-Subs]/[A&C] One Piece S08E35 (0263) (WEB HEVC 1080p) [Multi-Audio-Subs] [E7E197DC].mkv,180
1775498977,,,/home/grigory/Downloads-Torrent/[A&C] One Piece - [0207-0336] [WEB] [Multi-Audio-Subs]/[A&C] One Piece S09E01 (0264) (WEB HEVC 1080p) [Multi-Audio-Subs] [891CDDE6].mkv,180
1775503198,,,/home/grigory/Downloads-Torrent/[A&C] One Piece - [0207-0336] [WEB] [Multi-Audio-Subs]/[A&C] One Piece S09E02 (0265) (WEB HEVC 1080p) [Multi-Audio-Subs] [B96FAB11].mkv,180
1775581465,,,/home/grigory/Downloads-Torrent/[A&C] One Piece - [0207-0336] [WEB] [Multi-Audio-Subs]/[A&C] One Piece S09E02 (0265) (WEB HEVC 1080p) [Multi-Audio-Subs] [B96FAB11].mkv,180
1775581478,,,/home/grigory/Downloads-Torrent/[A&C] One Piece - [0207-0336] [WEB] [Multi-Audio-Subs]/[A&C] One Piece S09E03 (0266) (WEB HEVC 1080p) [Multi-Audio-Subs] [9D589A6C].mkv,180
1775582770,,,/home/grigory/Downloads-Torrent/[A&C] One Piece - [0207-0336] [WEB] [Multi-Audio-Subs]/[A&C] One Piece S09E04 (0267) (WEB HEVC 1080p) [Multi-Audio-Subs] [E876122A].mkv,180
1775584002,,,/home/grigory/Downloads-Torrent/[A&C] One Piece - [0207-0336] [WEB] [Multi-Audio-Subs]/[A&C] One Piece S09E05 (0268) (WEB HEVC 1080p) [Multi-Audio-Subs] [FC75F9A7].mkv,180
1775585171,,,/home/grigory/Downloads-Torrent/[A&C] One Piece - [0207-0336] [WEB] [Multi-Audio-Subs]/[A&C] One Piece S09E06 (0269) (WEB HEVC 1080p) [Multi-Audio-Subs] [52B629D4].mkv,180
1775587484,,,/home/grigory/Downloads-Torrent/[A&C] One Piece - [0207-0336] [WEB] [Multi-Audio-Subs]/[A&C] One Piece S09E07 (0270) (WEB HEVC 1080p) [Multi-Audio-Subs] [3B3C7A8A].mkv,180
1775588782,,,/home/grigory/Downloads-Torrent/[A&C] One Piece - [0207-0336] [WEB] [Multi-Audio-Subs]/[A&C] One Piece S09E08 (0271) (WEB HEVC 1080p) [Multi-Audio-Subs] [567206B1].mkv,180
1775668304,,,/home/grigory/Downloads-Torrent/[A&C] One Piece - [0207-0336] [WEB] [Multi-Audio-Subs]/[A&C] One Piece S09E08 (0271) (WEB HEVC 1080p) [Multi-Audio-Subs] [567206B1].mkv,180
1775668314,,,/home/grigory/Downloads-Torrent/[A&C] One Piece - [0207-0336] [WEB] [Multi-Audio-Subs]/[A&C] One Piece S09E09 (0272) (WEB HEVC 1080p) [Multi-Audio-Subs] [006F63F9].mkv,180
1775669665,,,/home/grigory/Downloads-Torrent/[A&C] One Piece - [0207-0336] [WEB] [Multi-Audio-Subs]/[A&C] One Piece S09E10 (0273) (WEB HEVC 1080p) [Multi-Audio-Subs] [C254F849].mkv,180
1775670744,,,/home/grigory/Downloads-Torrent/[A&C] One Piece - [0207-0336] [WEB] [Multi-Audio-Subs]/[A&C] One Piece S09E11 (0274) (WEB HEVC 1080p) [Multi-Audio-Subs] [D42FFAB5].mkv,180
1775672023,,,/home/grigory/Downloads-Torrent/[A&C] One Piece - [0207-0336] [WEB] [Multi-Audio-Subs]/[A&C] One Piece S09E12 (0275) (WEB HEVC 1080p) [Multi-Audio-Subs] [6D364E31].mkv,180
1775674415,,,/home/grigory/Downloads-Torrent/[A&C] One Piece - [0207-0336] [WEB] [Multi-Audio-Subs]/[A&C] One Piece S09E13 (0276) (WEB HEVC 1080p) [Multi-Audio-Subs] [43BC245C].mkv,180
1775675979,,,/home/grigory/Downloads-Torrent/[A&C] One Piece - [0207-0336] [WEB] [Multi-Audio-Subs]/[A&C] One Piece S09E14 (0277) (WEB HEVC 1080p) [Multi-Audio-Subs] [BED34D7C].mkv,180
1775756079,,,/home/grigory/Downloads-Torrent/[A&C] One Piece - [0207-0336] [WEB] [Multi-Audio-Subs]/[A&C] One Piece S09E14 (0277) (WEB HEVC 1080p) [Multi-Audio-Subs] [BED34D7C].mkv,180
1775756086,,,/home/grigory/Downloads-Torrent/[A&C] One Piece - [0207-0336] [WEB] [Multi-Audio-Subs]/[A&C] One Piece S09E15 (0278) (WEB HEVC 1080p) [Multi-Audio-Subs] [0AFD9867].mkv,180
1775757392,,,/home/grigory/Downloads-Torrent/[A&C] One Piece - [0207-0336] [WEB] [Multi-Audio-Subs]/[A&C] One Piece S09E16 (0279) (WEB HEVC 1080p) [Multi-Audio-Subs] [C6609717].mkv,180
1775759722,,,/home/grigory/Downloads-Torrent/[A&C] One Piece - [0207-0336] [WEB] [Multi-Audio-Subs]/[A&C] One Piece S09E17 (0280) (WEB HEVC 1080p) [Multi-Audio-Subs] [CE875963].mkv,180
1775759725,,,/home/grigory/Downloads-Torrent/[A&C] One Piece - [0207-0336] [WEB] [Multi-Audio-Subs]/[A&C] One Piece S09E16 (0279) (WEB HEVC 1080p) [Multi-Audio-Subs] [C6609717].mkv,180
1775759774,,,/home/grigory/Downloads-Torrent/[A&C] One Piece - [0207-0336] [WEB] [Multi-Audio-Subs]/[A&C] One Piece S09E17 (0280) (WEB HEVC 1080p) [Multi-Audio-Subs] [CE875963].mkv,180
1775761049,,,/home/grigory/Downloads-Torrent/[A&C] One Piece - [0207-0336] [WEB] [Multi-Audio-Subs]/[A&C] One Piece S09E18 (0281) (WEB HEVC 1080p) [Multi-Audio-Subs] [F5F1FC19].mkv,180
1775762219,,,/home/grigory/Downloads-Torrent/[A&C] One Piece - [0207-0336] [WEB] [Multi-Audio-Subs]/[A&C] One Piece S09E19 (0282) (WEB HEVC 1080p) [Multi-Audio-Subs] [B3E804EF].mkv,180
1775763480,,,/home/grigory/Downloads-Torrent/[A&C] One Piece - [0207-0336] [WEB] [Multi-Audio-Subs]/[A&C] One Piece S09E20 (0283) (WEB HEVC 1080p) [Multi-Audio-Subs] [3CA6BF92].mkv,180
1775763591,,,/home/grigory/Downloads-Torrent/[A&C] One Piece - [0207-0336] [WEB] [Multi-Audio-Subs]/[A&C] One Piece S09E21 (0284) (WEB HEVC 1080p) [Multi-Audio-Subs] [D4DB723F].mkv,180
1775840205,,,/home/grigory/Downloads-Torrent/[A&C] One Piece - [0207-0336] [WEB] [Multi-Audio-Subs]/[A&C] One Piece S09E21 (0284) (WEB HEVC 1080p) [Multi-Audio-Subs] [D4DB723F].mkv,180
1775840216,,,/home/grigory/Downloads-Torrent/[A&C] One Piece - [0207-0336] [WEB] [Multi-Audio-Subs]/[A&C] One Piece S09E22 (0285) (WEB HEVC 1080p) [Multi-Audio-Subs] [AEB213F6].mkv,180
1775841650,,,/home/grigory/Downloads-Torrent/[A&C] One Piece - [0207-0336] [WEB] [Multi-Audio-Subs]/[A&C] One Piece S09E23 (0286) (WEB HEVC 1080p) [Multi-Audio-Subs] [21A05119].mkv,180
1775842771,,,/home/grigory/Downloads-Torrent/[A&C] One Piece - [0207-0336] [WEB] [Multi-Audio-Subs]/[A&C] One Piece S09E24 (0287) (WEB HEVC 1080p) [Multi-Audio-Subs] [7A90691C].mkv,180
1775843955,,,/home/grigory/Downloads-Torrent/[A&C] One Piece - [0207-0336] [WEB] [Multi-Audio-Subs]/[A&C] One Piece S09E25 (0288) (WEB HEVC 1080p) [Multi-Audio-Subs] [76DB3BDC].mkv,180
1775847735,,,/home/grigory/Downloads-Torrent/[A&C] One Piece - [0207-0336] [WEB] [Multi-Audio-Subs]/[A&C] One Piece S09E26 (0289) (WEB HEVC 1080p) [Multi-Audio-Subs] [B6689DC9].mkv,180
1775848247,,,/home/grigory/Downloads-Torrent/[A&C] One Piece - [0207-0336] [WEB] [Multi-Audio-Subs]/[A&C] One Piece S09E27 (0290) (WEB HEVC 1080p) [Multi-Audio-Subs] [A8847952].mkv,180
1775848252,,,/home/grigory/Downloads-Torrent/[A&C] One Piece - [0207-0336] [WEB] [Multi-Audio-Subs]/[A&C] One Piece S09E26 (0289) (WEB HEVC 1080p) [Multi-Audio-Subs] [B6689DC9].mkv,180
1775848835,,,/home/grigory/Downloads-Torrent/[A&C] One Piece - [0207-0336] [WEB] [Multi-Audio-Subs]/[A&C] One Piece S09E27 (0290) (WEB HEVC 1080p) [Multi-Audio-Subs] [A8847952].mkv,180
1775850247,,,/home/grigory/Downloads-Torrent/[A&C] One Piece - [0207-0336] [WEB] [Multi-Audio-Subs]/[A&C] One Piece S09E30 (0293) (WEB HEVC 1080p) [Multi-Audio-Subs] [63F57786].mkv,180
1775928978,,,/home/grigory/Downloads-Torrent/[A&C] One Piece - [0207-0336] [WEB] [Multi-Audio-Subs]/[A&C] One Piece S09E30 (0293) (WEB HEVC 1080p) [Multi-Audio-Subs] [63F57786].mkv,180
1775929193,,,/home/grigory/Downloads-Torrent/[A&C] One Piece - [0207-0336] [WEB] [Multi-Audio-Subs]/[A&C] One Piece S09E31 (0294) (WEB HEVC 1080p) [Multi-Audio-Subs] [F1CAB0B9].mkv,180
1775930243,,,/home/grigory/Downloads-Torrent/[A&C] One Piece - [0207-0336] [WEB] [Multi-Audio-Subs]/[A&C] One Piece S09E32 (0295) (WEB HEVC 1080p) [Multi-Audio-Subs] [25DBB402].mkv,180
1775931314,,,/home/grigory/Downloads-Torrent/[A&C] One Piece - [0207-0336] [WEB] [Multi-Audio-Subs]/[A&C] One Piece S09E33 (0296) (WEB HEVC 1080p) [Multi-Audio-Subs] [15574B01].mkv,180
1775936860,,,/home/grigory/Downloads-Torrent/[A&C] One Piece - [0207-0336] [WEB] [Multi-Audio-Subs]/[A&C] One Piece S09E34 (0297) (WEB HEVC 1080p) [Multi-Audio-Subs] [42E713F4].mkv,180
1775938153,,,/home/grigory/Downloads-Torrent/[A&C] One Piece - [0207-0336] [WEB] [Multi-Audio-Subs]/[A&C] One Piece S09E35 (0298) (WEB HEVC 1080p) [Multi-Audio-Subs] [605FB4EE].mkv,180
1776020256,,,/home/grigory/Downloads-Torrent/[A&C] One Piece - [0207-0336] [WEB] [Multi-Audio-Subs]/[A&C] One Piece S09E35 (0298) (WEB HEVC 1080p) [Multi-Audio-Subs] [605FB4EE].mkv,180
1776020257,,,/home/grigory/Downloads-Torrent/[A&C] One Piece - [0207-0336] [WEB] [Multi-Audio-Subs]/[A&C] One Piece S09E36 (0299) (WEB HEVC 1080p) [Multi-Audio-Subs] [F7ACE099].mkv,180
1776020258,,,/home/grigory/Downloads-Torrent/[A&C] One Piece - [0207-0336] [WEB] [Multi-Audio-Subs]/[A&C] One Piece S09E35 (0298) (WEB HEVC 1080p) [Multi-Audio-Subs] [605FB4EE].mkv,180
1776020269,,,/home/grigory/Downloads-Torrent/[A&C] One Piece - [0207-0336] [WEB] [Multi-Audio-Subs]/[A&C] One Piece S09E36 (0299) (WEB HEVC 1080p) [Multi-Audio-Subs] [F7ACE099].mkv,180
1776022798,,,/home/grigory/Downloads-Torrent/[A&C] One Piece - [0207-0336] [WEB] [Multi-Audio-Subs]/[A&C] One Piece S09E37 (0300) (WEB HEVC 1080p) [Multi-Audio-Subs] [D7B1EDF8].mkv,180
1776023924,,,/home/grigory/Downloads-Torrent/[A&C] One Piece - [0207-0336] [WEB] [Multi-Audio-Subs]/[A&C] One Piece S09E38 (0301) (WEB HEVC 1080p) [Multi-Audio-Subs] [B1D34F7B].mkv,180
1776025059,,,/home/grigory/Downloads-Torrent/[A&C] One Piece - [0207-0336] [WEB] [Multi-Audio-Subs]/[A&C] One Piece S09E39 (0302) (WEB HEVC 1080p) [Multi-Audio-Subs] [6767022F].mkv,180
1776066252,,,/mnt/linuxdisk/media/images/lulz/17756707103070158396.mp4,70
1776066516,,,/mnt/linuxdisk/media/images/lulz/17701557783540199796.mp4,70
1776067251,,,/mnt/linuxdisk/media/images/lulz/old/1/17298955227481.mp4,70
1776067291,,,/mnt/linuxdisk/media/images/lulz/old/1/17297040025050.mp4,70
1776067304,,,/mnt/linuxdisk/media/images/lulz/old/1/17297040694410.mp4,70
1776067334,,,/mnt/linuxdisk/media/images/lulz/old/1/528ad330-f0ac-4bf2-9d07-ad5e27274b77.mp4,92
1776100562,,,/home/grigory/Downloads-Torrent/[A&C] One Piece - [0207-0336] [WEB] [Multi-Audio-Subs]/[A&C] One Piece S09E39 (0302) (WEB HEVC 1080p) [Multi-Audio-Subs] [6767022F].mkv,180
1776100571,,,/home/grigory/Downloads-Torrent/[A&C] One Piece - [0207-0336] [WEB] [Multi-Audio-Subs]/[A&C] One Piece S09E41 (0304) (WEB HEVC 1080p) [Multi-Audio-Subs] [56CCA7DC].mkv,180
1776102229,,,/home/grigory/Downloads-Torrent/[A&C] One Piece - [0207-0336] [WEB] [Multi-Audio-Subs]/[A&C] One Piece S09E42 (0305) (WEB HEVC 1080p) [Multi-Audio-Subs] [6976885D].mkv,180
1776103378,,,/home/grigory/Downloads-Torrent/[A&C] One Piece - [0207-0336] [WEB] [Multi-Audio-Subs]/[A&C] One Piece S09E43 (0306) (WEB HEVC 1080p) [Multi-Audio-Subs] [8BAC3116].mkv,180
1776104518,,,/home/grigory/Downloads-Torrent/[A&C] One Piece - [0207-0336] [WEB] [Multi-Audio-Subs]/[A&C] One Piece S09E44 (0307) (WEB HEVC 1080p) [Multi-Audio-Subs] [8C5C287A].mkv,180
1776104586,,,/home/grigory/Downloads-Torrent/[A&C] One Piece - [0207-0336] [WEB] [Multi-Audio-Subs]/[A&C] One Piece S09E44 (0307) (WEB HEVC 1080p) [Multi-Audio-Subs] [8C5C287A].mkv,180
1776107394,,,/home/grigory/Downloads-Torrent/[A&C] One Piece - [0207-0336] [WEB] [Multi-Audio-Subs]/[A&C] One Piece S09E45 (0308) (WEB HEVC 1080p) [Multi-Audio-Subs] [9337AA96].mkv,180
1776108715,,,/home/grigory/Downloads-Torrent/[A&C] One Piece - [0207-0336] [WEB] [Multi-Audio-Subs]/[A&C] One Piece S09E46 (0309) (WEB HEVC 1080p) [Multi-Audio-Subs] [AE58AD36].mkv,180
1776186574,,,/home/grigory/Downloads-Torrent/[A&C] One Piece - [0207-0336] [WEB] [Multi-Audio-Subs]/[A&C] One Piece S09E46 (0309) (WEB HEVC 1080p) [Multi-Audio-Subs] [AE58AD36].mkv,180
1776186588,,,/home/grigory/Downloads-Torrent/[A&C] One Piece - [0207-0336] [WEB] [Multi-Audio-Subs]/[A&C] One Piece S09E47 (0310) (WEB HEVC 1080p) [Multi-Audio-Subs] [17927E08].mkv,180
1776186747,,,/home/grigory/Downloads-Torrent/[A&C] One Piece - [0207-0336] [WEB] [Multi-Audio-Subs]/[A&C] One Piece S09E48 (0311) (WEB HEVC 1080p) [Multi-Audio-Subs] [A0E0788D].mkv,180
1776186749,,,/home/grigory/Downloads-Torrent/[A&C] One Piece - [0207-0336] [WEB] [Multi-Audio-Subs]/[A&C] One Piece S09E47 (0310) (WEB HEVC 1080p) [Multi-Audio-Subs] [17927E08].mkv,180
1776187840,,,/home/grigory/Downloads-Torrent/[A&C] One Piece - [0207-0336] [WEB] [Multi-Audio-Subs]/[A&C] One Piece S09E48 (0311) (WEB HEVC 1080p) [Multi-Audio-Subs] [A0E0788D].mkv,180
1776189088,,,/home/grigory/Downloads-Torrent/[A&C] One Piece - [0207-0336] [WEB] [Multi-Audio-Subs]/[A&C] One Piece S09E49 (0312) (WEB HEVC 1080p) [Multi-Audio-Subs] [AC8BF961].mkv,180
1776189225,,,/home/grigory/Downloads-Torrent/[A&C] One Piece - [0207-0336] [WEB] [Multi-Audio-Subs]/[A&C] One Piece S09E48 (0311) (WEB HEVC 1080p) [Multi-Audio-Subs] [A0E0788D].mkv,180
1776189238,,,/home/grigory/Downloads-Torrent/[A&C] One Piece - [0207-0336] [WEB] [Multi-Audio-Subs]/[A&C] One Piece S09E49 (0312) (WEB HEVC 1080p) [Multi-Audio-Subs] [AC8BF961].mkv,180
1776190426,,,/home/grigory/Downloads-Torrent/[A&C] One Piece - [0207-0336] [WEB] [Multi-Audio-Subs]/[A&C] One Piece S09E50 (0313) (WEB HEVC 1080p) [Multi-Audio-Subs] [AFB6D242].mkv,180
1776192935,,,/home/grigory/Downloads-Torrent/[A&C] One Piece - [0207-0336] [WEB] [Multi-Audio-Subs]/[A&C] One Piece S09E51 (0314) (WEB HEVC 1080p) [Multi-Audio-Subs] [FE919595].mkv,180
1776194315,,,/home/grigory/Downloads-Torrent/[A&C] One Piece - [0207-0336] [WEB] [Multi-Audio-Subs]/[A&C] One Piece S09E52 (0315) (WEB HEVC 1080p) [Multi-Audio-Subs] [3B35B886].mkv,180
1776197072,,,/home/grigory/Downloads-Torrent/[A&C] One Piece - [0207-0336] [WEB] [Multi-Audio-Subs]/[A&C] One Piece S09E52 (0315) (WEB HEVC 1080p) [Multi-Audio-Subs] [3B35B886].mkv,180
1776197863,,,/home/grigory/Downloads/17755516002410620466.mp4,61
1776198058,,,/home/grigory/Downloads/17755516002410620466.mp4,61
1776198194,,,/home/grigory/Downloads-Torrent/[A&C] One Piece - [0207-0336] [WEB] [Multi-Audio-Subs]/[A&C] One Piece S09E52 (0315) (WEB HEVC 1080p) [Multi-Audio-Subs] [3B35B886].mkv,180
1776198394,,,/home/grigory/Downloads-Torrent/[A&C] One Piece - [0207-0336] [WEB] [Multi-Audio-Subs]/[A&C] One Piece S09E52 (0315) (WEB HEVC 1080p) [Multi-Audio-Subs] [3B35B886].mkv,180
1776198676,,,/home/grigory/Downloads-Torrent/[A&C] One Piece - [0207-0336] [WEB] [Multi-Audio-Subs]/[A&C] One Piece S09E52 (0315) (WEB HEVC 1080p) [Multi-Audio-Subs] [3B35B886].mkv,180
1776244397,,,/mnt/linuxdisk/media/images/lulz/tbfg-32TfhEsNB.mp4,64
1776244431,,,/mnt/linuxdisk/media/images/lulz/17656456585980.mp4,64
1776244519,,,/mnt/linuxdisk/media/images/lulz/17656587870120.mp4,64
1776244533,,,/mnt/linuxdisk/media/images/lulz/17643688466160.mp4,64
1776244544,,,/mnt/linuxdisk/media/images/lulz/6vk2w64qs0f0d8m0480x680.mp4,73
1776244555,,,/mnt/linuxdisk/media/images/lulz/17623487852701.mp4,64
1776244564,,,/mnt/linuxdisk/media/images/lulz/17602111010400.mp4,64
1776244578,,,/mnt/linuxdisk/media/images/lulz/17595562476890.mp4,64
1776244597,,,/mnt/linuxdisk/media/images/lulz/17597625301313.webm,65
1776244619,,,/mnt/linuxdisk/media/images/lulz/17597625300882.mp4,64
1776244665,,,/mnt/linuxdisk/media/images/lulz/17597721499700.mp4,64
1776244699,,,/mnt/linuxdisk/media/images/lulz/IMG_4889.MP4,58
1776244712,,,/mnt/linuxdisk/media/images/lulz/17599679584292.mp4,64
1776244724,,,/mnt/linuxdisk/media/images/lulz/document5411514748346862655.webm,78
1776244754,,,/mnt/linuxdisk/media/images/lulz/17599699119190.mp4,64
1776244767,,,/mnt/linuxdisk/media/images/lulz/assetstask01k736c71tetf90ffftcxk3ddrtask01k736c71tetf90ffftcxk3ddrgenidd8351214-fcd8-4cde-a543-091e371f2a3e2510090039609209videos00000wmmd.mp4,188
1776244782,,,/mnt/linuxdisk/media/images/lulz/17591365715600.mp4,64
1776244821,,,/mnt/linuxdisk/media/images/lulz/17586316085041.mp4,64
1776245575,,,/mnt/linuxdisk/media/images/lulz/video_2025-09-21_11-32-17.mp4,75
1776245692,,,/mnt/linuxdisk/media/images/lulz/17579504424680.mp4,64
1776245750,,,/mnt/linuxdisk/media/images/lulz/17565413538480.mp4,64
1776245859,,,/mnt/linuxdisk/media/images/lulz/17539467946451.mp4,64
1776245868,,,/mnt/linuxdisk/media/images/lulz/17537502090403.webm,65
1776245912,,,/mnt/linuxdisk/media/images/lulz/17531367456230.mp4,64
1776245921,,,/mnt/linuxdisk/media/images/lulz/17528315527880.mp4,64
1776245984,,,/mnt/linuxdisk/media/images/lulz/17528381656140.mp4,64
1776246025,,,/mnt/linuxdisk/media/images/lulz/17514816058820.mp4,64
1776246052,,,/mnt/linuxdisk/media/images/lulz/17505743682200.mp4,64
1776246067,,,/mnt/linuxdisk/media/images/lulz/video_2025-06-13_19-00-07.mp4,75
1776246082,80,Sweetpea.S01E01.Sorry.For.Your.Loss.2160p.NOW.WEB-DL.DDP5.1.Atmos.H.265-FLUX.mkv,/mnt/linuxdisk/media/images/lulz/17622570593851.mp4,146
1776246096,,,/mnt/linuxdisk/media/images/lulz/17704568384233983361.mp4.mp4,74
1776246939,,,/mnt/linuxdisk/media/images/lulz/17581767032200.mp4,64
1776246948,,,/mnt/linuxdisk/media/images/lulz/17586083100731.mp4,64
1776247067,,,/mnt/linuxdisk/media/images/lulz/17586083099860.mp4,64
1776255069,,,/home/grigory/tmp/shit/compressed.mp4,50
1776255141,,,/home/grigory/tmp/shit/compressed.mp4,50
1776260979,,,/home/grigory/Downloads/17755516002410620466.mp4,61
1776260979,,,/home/grigory/Downloads/17755516002410620466.mp4,61
1776271654,,,/home/grigory/Downloads-Torrent/[A&C] One Piece - [0207-0336] [WEB] [Multi-Audio-Subs]/[A&C] One Piece S09E52 (0315) (WEB HEVC 1080p) [Multi-Audio-Subs] [3B35B886].mkv,180
1776271676,,,/home/grigory/Downloads-Torrent/[A&C] One Piece - [0207-0336] [WEB] [Multi-Audio-Subs]/[A&C] One Piece S09E53 (0316) (WEB HEVC 1080p) [Multi-Audio-Subs] [B9DDA54A].mkv,180
1776273231,,,/home/grigory/Downloads-Torrent/[A&C] One Piece - [0207-0336] [WEB] [Multi-Audio-Subs]/[A&C] One Piece S09E54 (0317) (WEB HEVC 1080p) [Multi-Audio-Subs] [3D70A240].mkv,180
1776274485,,,/home/grigory/Downloads-Torrent/[A&C] One Piece - [0207-0336] [WEB] [Multi-Audio-Subs]/[A&C] One Piece S09E55 (0318) (WEB HEVC 1080p) [Multi-Audio-Subs] [FC02E541].mkv,180
1776275747,,,/home/grigory/Downloads-Torrent/[A&C] One Piece - [0207-0336] [WEB] [Multi-Audio-Subs]/[A&C] One Piece S09E56 (0319) (WEB HEVC 1080p) [Multi-Audio-Subs] [0308D471].mkv,180
1776279758,,,/home/grigory/Downloads-Torrent/[A&C] One Piece - [0207-0336] [WEB] [Multi-Audio-Subs]/[A&C] One Piece S09E57 (0320) (WEB HEVC 1080p) [Multi-Audio-Subs] [25C2EA04].mkv,180
1776281058,,,/home/grigory/Downloads-Torrent/[A&C] One Piece - [0207-0336] [WEB] [Multi-Audio-Subs]/[A&C] One Piece S09E58 (0321) (WEB HEVC 1080p) [Multi-Audio-Subs] [A23FD141].mkv,180
1776282376,,,/home/grigory/Downloads-Torrent/[A&C] One Piece - [0207-0336] [WEB] [Multi-Audio-Subs]/[A&C] One Piece S09E59 (0322) (WEB HEVC 1080p) [Multi-Audio-Subs] [06592890].mkv,180
1776326488,,,/home/grigory/Downloads/17755516002410620466.mp4,61
1776333619,,,/home/grigory/Downloads/17755516002410620466.mp4,61
1776358499,,,/home/grigory/Downloads-Torrent/[A&C] One Piece - [0207-0336] [WEB] [Multi-Audio-Subs]/[A&C] One Piece S09E59 (0322) (WEB HEVC 1080p) [Multi-Audio-Subs] [06592890].mkv,180
1776358679,,,/home/grigory/Downloads-Torrent/[A&C] One Piece - [0207-0336] [WEB] [Multi-Audio-Subs]/[A&C] One Piece S09E60 (0323) (WEB HEVC 1080p) [Multi-Audio-Subs] [D7519FD6].mkv,180
1776360065,,,/home/grigory/Downloads-Torrent/[A&C] One Piece - [0207-0336] [WEB] [Multi-Audio-Subs]/[A&C] One Piece S09E61 (0324) (WEB HEVC 1080p) [Multi-Audio-Subs] [32D3AACF].mkv,180
1776362081,,,/home/grigory/Downloads-Torrent/[A&C] One Piece - [0207-0336] [WEB] [Multi-Audio-Subs]/[A&C] One Piece S09E62 (0325) (WEB HEVC 1080p) [Multi-Audio-Subs] [5F0335CD].mkv,180
1776364449,,,/home/grigory/Downloads-Torrent/[A&C] One Piece - [0207-0336] [WEB] [Multi-Audio-Subs]/[A&C] One Piece S09E63 (0326) (WEB HEVC 1080p) [Multi-Audio-Subs] [DBDEE048].mkv,180
1776366420,,,/home/grigory/Downloads-Torrent/[A&C] One Piece - [0207-0336] [WEB] [Multi-Audio-Subs]/[A&C] One Piece S09E64 (0327) (WEB HEVC 1080p) [Multi-Audio-Subs] [20390C90].mkv,180
1776404665,,,/home/grigory/output.mp4,37
1776407495,,,/mnt/linuxdisk/media/images/generic/17727007638700610024.mp4,73
1776407499,,,/mnt/linuxdisk/media/images/generic/17698358144700.mp4,67
1776433919,,,/mnt/linuxdisk/media/images/lulz/old/1/ccb269e9e21254cc4e111c1d81589ba1.mp4,88
1776434097,,,/mnt/linuxdisk/media/images/lulz/old/1/17447601430840.mp4,70
1776439911,,,/mnt/linuxdisk/media/images/lulz/17532074079780.webm,65
1776439962,,,/mnt/linuxdisk/media/images/lulz/17707990678000725730.mp4,70
1776440064,,,/mnt/linuxdisk/media/images/lulz/trbrton1.mp4,58
1776440191,,,/mnt/linuxdisk/media/images/lulz/17762643629970151033.mp4,70
1776445703,,,/mnt/linuxdisk/media/images/lulz/17762643629970151033.mp4,70
1776447289,,,/home/grigory/Downloads-Torrent/[A&C] One Piece - [0207-0336] [WEB] [Multi-Audio-Subs]/[A&C] One Piece S09E64 (0327) (WEB HEVC 1080p) [Multi-Audio-Subs] [20390C90].mkv,180
1776447296,,,/home/grigory/Downloads-Torrent/[A&C] One Piece - [0207-0336] [WEB] [Multi-Audio-Subs]/[A&C] One Piece S09E65 (0328) (WEB HEVC 1080p) [Multi-Audio-Subs] [BB416F9A].mkv,180
1776448708,,,/home/grigory/Downloads-Torrent/[A&C] One Piece - [0207-0336] [WEB] [Multi-Audio-Subs]/[A&C] One Piece S09E66 (0329) (WEB HEVC 1080p) [Multi-Audio-Subs] [0C38C4C8].mkv,180
1776450869,,,/home/grigory/Downloads-Torrent/[A&C] One Piece - [0207-0336] [WEB] [Multi-Audio-Subs]/[A&C] One Piece S09E67 (0330) (WEB HEVC 1080p) [Multi-Audio-Subs] [C6EF130B].mkv,180
1776452231,,,/home/grigory/Downloads-Torrent/[A&C] One Piece - [0207-0336] [WEB] [Multi-Audio-Subs]/[A&C] One Piece S09E68 (0331) (WEB HEVC 1080p) [Multi-Audio-Subs] [644347A3].mkv,180
1776453534,,,/home/grigory/Downloads-Torrent/[A&C] One Piece - [0207-0336] [WEB] [Multi-Audio-Subs]/[A&C] One Piece S09E69 (0332) (WEB HEVC 1080p) [Multi-Audio-Subs] [F356584E].mkv,180
1776480833,,,/mnt/linuxdisk/media/images/lulz/17762643629970151033.mp4,70
1776480868,,,/run/media/grigory/GAY PORN/old/zip/12/mobile/mobile/A.Old/toLinux/luls/TikTok7624226538220719382.mp4,114
1776480889,,,/run/media/grigory/GAY PORN/old/zip/12/mobile/mobile/A.Old/toLinux/luls/17740853555800148259.mp4,109
1776480897,,,/run/media/grigory/GAY PORN/old/zip/12/mobile/mobile/A.Old/toLinux/luls/17720090366210994605.mp4,109
1776480916,,,/run/media/grigory/GAY PORN/old/zip/12/mobile/mobile/A.Old/toLinux/luls/16742739546320.webm,104
1776480923,,,/run/media/grigory/GAY PORN/old/zip/12/mobile/mobile/A.Old/toLinux/luls/382848482.webm,99
1776482279,,,/mnt/linuxdisk/media/images/lulz/17762643629970151033.mp4,70
1776483260,13,Zarxrax-58008,/mnt/linuxdisk/media/vids/17720887587590093340.webm,79
1776483273,,,/mnt/linuxdisk/media/images/generic/So I see you're running Gnome [FQM5fU7V-MM].mp4,96
1776483290,,,/mnt/linuxdisk/media/vids/So I see you're running Gnome [FQM5fU7V-MM].mp4,86
1776483296,,,/mnt/linuxdisk/media/vids/So I see you're running Gnome [FQM5fU7V-MM].mp4,86
1776712455,,,/home/grigory/Downloads-Torrent/[A&C] One Piece Season 10 - Thriller Bark [337-381] (WEB) [Multi-Audio-Subs]/[A&C] One Piece S10E07 (0343) (WEB HEVC 1080p) [Multi-Audio-Subs] [6446DA51].mkv,202
1776712495,,,/home/grigory/Downloads-Torrent/[A&C] One Piece Season 10 - Thriller Bark [337-381] (WEB) [Multi-Audio-Subs]/[A&C] One Piece S10E08 (0344) (WEB HEVC 1080p) [Multi-Audio-Subs] [F01B2591].mkv,202
1776712561,,,/home/grigory/Downloads-Torrent/[A&C] One Piece Season 10 - Thriller Bark [337-381] (WEB) [Multi-Audio-Subs]/[A&C] One Piece S10E09 (0345) (WEB HEVC 1080p) [Multi-Audio-Subs] [8DBE2899].mkv,202
1776713735,,,/home/grigory/Downloads-Torrent/[A&C] One Piece Season 10 - Thriller Bark [337-381] (WEB) [Multi-Audio-Subs]/[A&C] One Piece S10E10 (0346) (WEB HEVC 1080p) [Multi-Audio-Subs] [54B7F10E].mkv,202
1776714852,,,/home/grigory/Downloads-Torrent/[A&C] One Piece Season 10 - Thriller Bark [337-381] (WEB) [Multi-Audio-Subs]/[A&C] One Piece S10E11 (0347) (WEB HEVC 1080p) [Multi-Audio-Subs] [6878E7BC].mkv,202
1776716177,,,/home/grigory/Downloads-Torrent/[A&C] One Piece Season 10 - Thriller Bark [337-381] (WEB) [Multi-Audio-Subs]/[A&C] One Piece S10E12 (0348) (WEB HEVC 1080p) [Multi-Audio-Subs] [C5CBFB48].mkv,202
1776717426,,,/home/grigory/Downloads-Torrent/[A&C] One Piece Season 10 - Thriller Bark [337-381] (WEB) [Multi-Audio-Subs]/[A&C] One Piece S10E13 (0349) (WEB HEVC 1080p) [Multi-Audio-Subs] [F7AE43F7].mkv,202
1776746582,,,/mnt/linuxdisk/media/images/lulz/17755511016440129970.mp4,70
1776746603,,,/mnt/linuxdisk/media/images/lulz/17748865756170744339.mp4,70
1776746634,,,/mnt/linuxdisk/media/images/lulz/17758199447150234375.mp4,70
1776746714,,,/mnt/linuxdisk/media/images/lulz/i6ocjndns0f0d11m0720x1280.mp4,75
1776746732,,,/mnt/linuxdisk/media/images/lulz/17753662268160644643.mp4,70
1776746756,,,/mnt/linuxdisk/media/images/lulz/17746712049290703797.mp4,70
1776746769,,,/mnt/linuxdisk/media/images/lulz/17746184021111649422.mp4,70
1776746797,,,/mnt/linuxdisk/media/images/lulz/17746057918382004151.mp4,70
1776791381,,,/home/grigory/Downloads-Torrent/[A&C] One Piece Season 10 - Thriller Bark [337-381] (WEB) [Multi-Audio-Subs]/[A&C] One Piece S10E13 (0349) (WEB HEVC 1080p) [Multi-Audio-Subs] [F7AE43F7].mkv,202
1776791539,,,/home/grigory/Downloads-Torrent/[A&C] One Piece Season 10 - Thriller Bark [337-381] (WEB) [Multi-Audio-Subs]/[A&C] One Piece S10E14 (0350) (WEB HEVC 1080p) [Multi-Audio-Subs] [10BE48E0].mkv,202
1776792842,,,/home/grigory/Downloads-Torrent/[A&C] One Piece Season 10 - Thriller Bark [337-381] (WEB) [Multi-Audio-Subs]/[A&C] One Piece S10E15 (0351) (WEB HEVC 1080p) [Multi-Audio-Subs] [7597305C].mkv,202
1776794035,,,/home/grigory/Downloads-Torrent/[A&C] One Piece Season 10 - Thriller Bark [337-381] (WEB) [Multi-Audio-Subs]/[A&C] One Piece S10E16 (0352) (WEB HEVC 1080p) [Multi-Audio-Subs] [1226034A].mkv,202
1776795168,,,/home/grigory/Downloads-Torrent/[A&C] One Piece Season 10 - Thriller Bark [337-381] (WEB) [Multi-Audio-Subs]/[A&C] One Piece S10E17 (0353) (WEB HEVC 1080p) [Multi-Audio-Subs] [2C98FC41].mkv,202
1776796421,,,/home/grigory/Downloads-Torrent/[A&C] One Piece Season 10 - Thriller Bark [337-381] (WEB) [Multi-Audio-Subs]/[A&C] One Piece S10E18 (0354) (WEB HEVC 1080p) [Multi-Audio-Subs] [75D3B8D2].mkv,202
1776799254,,,/home/grigory/Downloads-Torrent/[A&C] One Piece Season 10 - Thriller Bark [337-381] (WEB) [Multi-Audio-Subs]/[A&C] One Piece S10E19 (0355) (WEB HEVC 1080p) [Multi-Audio-Subs] [67AB2700].mkv,202
1776877494,,,/home/grigory/Downloads-Torrent/[A&C] One Piece Season 10 - Thriller Bark [337-381] (WEB) [Multi-Audio-Subs]/[A&C] One Piece S10E19 (0355) (WEB HEVC 1080p) [Multi-Audio-Subs] [67AB2700].mkv,202
1776877499,,,/home/grigory/Downloads-Torrent/[A&C] One Piece Season 10 - Thriller Bark [337-381] (WEB) [Multi-Audio-Subs]/[A&C] One Piece S10E20 (0356) (WEB HEVC 1080p) [Multi-Audio-Subs] [88DB3A13].mkv,202
1776878800,,,/home/grigory/Downloads-Torrent/[A&C] One Piece Season 10 - Thriller Bark [337-381] (WEB) [Multi-Audio-Subs]/[A&C] One Piece S10E21 (0357) (WEB HEVC 1080p) [Multi-Audio-Subs] [EC139DCD].mkv,202
1776880069,,,/home/grigory/Downloads-Torrent/[A&C] One Piece Season 10 - Thriller Bark [337-381] (WEB) [Multi-Audio-Subs]/[A&C] One Piece S10E22 (0358) (WEB HEVC 1080p) [Multi-Audio-Subs] [F32E2638].mkv,202
1776881302,,,/home/grigory/Downloads-Torrent/[A&C] One Piece Season 10 - Thriller Bark [337-381] (WEB) [Multi-Audio-Subs]/[A&C] One Piece S10E23 (0359) (WEB HEVC 1080p) [Multi-Audio-Subs] [E4FAC8AB].mkv,202
1776881342,,,/home/grigory/Downloads-Torrent/[A&C] One Piece Season 10 - Thriller Bark [337-381] (WEB) [Multi-Audio-Subs]/[A&C] One Piece S10E23 (0359) (WEB HEVC 1080p) [Multi-Audio-Subs] [E4FAC8AB].mkv,202
1776884005,,,/home/grigory/Downloads-Torrent/[A&C] One Piece Season 10 - Thriller Bark [337-381] (WEB) [Multi-Audio-Subs]/[A&C] One Piece S10E24 (0360) (WEB HEVC 1080p) [Multi-Audio-Subs] [8C660B66].mkv,202
1776885096,,,/home/grigory/Downloads-Torrent/[A&C] One Piece Season 10 - Thriller Bark [337-381] (WEB) [Multi-Audio-Subs]/[A&C] One Piece S10E25 (0361) (WEB HEVC 1080p) [Multi-Audio-Subs] [5F09CE73].mkv,202
1776923011,,,/mnt/linuxdisk/media/lulz/17496166780650.mp4,57
1776923053,,,/mnt/linuxdisk/media/lulz/17674373193040.mp4,57
1776923154,,,/mnt/linuxdisk/media/lulz/17750538133830034272.mp4,63
1776923237,,,/mnt/linuxdisk/media/lulz/17762643629970151033.mp4,63
1776923540,,,/mnt/linuxdisk/media/lulz/17768651612760721466.mp4,63
1776923554,,,/mnt/linuxdisk/media/lulz/17527930336270.mp4,57
1776963801,,,/home/grigory/Downloads-Torrent/[A&C] One Piece Season 10 - Thriller Bark [337-381] (WEB) [Multi-Audio-Subs]/[A&C] One Piece S10E25 (0361) (WEB HEVC 1080p) [Multi-Audio-Subs] [5F09CE73].mkv,202
1776963807,,,/home/grigory/Downloads-Torrent/[A&C] One Piece Season 10 - Thriller Bark [337-381] (WEB) [Multi-Audio-Subs]/[A&C] One Piece S10E26 (0362) (WEB HEVC 1080p) [Multi-Audio-Subs] [BB1D3AAF].mkv,202
1776965022,,,/home/grigory/Downloads-Torrent/[A&C] One Piece Season 10 - Thriller Bark [337-381] (WEB) [Multi-Audio-Subs]/[A&C] One Piece S10E27 (0363) (WEB HEVC 1080p) [Multi-Audio-Subs] [3E2452C5].mkv,202
1776966203,,,/home/grigory/Downloads-Torrent/[A&C] One Piece Season 10 - Thriller Bark [337-381] (WEB) [Multi-Audio-Subs]/[A&C] One Piece S10E28 (0364) (WEB HEVC 1080p) [Multi-Audio-Subs] [5F4DFAB1].mkv,202
1776967172,,,/home/grigory/Downloads-Torrent/[A&C] One Piece Season 10 - Thriller Bark [337-381] (WEB) [Multi-Audio-Subs]/[A&C] One Piece S10E29 (0365) (WEB HEVC 1080p) [Multi-Audio-Subs] [1F3670C5].mkv,202
1776968293,,,/home/grigory/Downloads-Torrent/[A&C] One Piece Season 10 - Thriller Bark [337-381] (WEB) [Multi-Audio-Subs]/[A&C] One Piece S10E30 (0366) (WEB HEVC 1080p) [Multi-Audio-Subs] [588DEF66].mkv,202
1776971513,,,/home/grigory/Downloads-Torrent/[A&C] One Piece Season 10 - Thriller Bark [337-381] (WEB) [Multi-Audio-Subs]/[A&C] One Piece S10E31 (0367) (WEB HEVC 1080p) [Multi-Audio-Subs] [F08D350B].mkv,202
1777045314,,,/mnt/linuxdisk/media/lulz/17750538133830034272.mp4,63
1777045667,,,/mnt/linuxdisk/media/lulz/17765439338650697619.mp4,63
1777046322,,,/mnt/linuxdisk/media/lulz/17750538133830034272.mp4,63
1777050597,,,/home/grigory/Downloads-Torrent/[A&C] One Piece Season 10 - Thriller Bark [337-381] (WEB) [Multi-Audio-Subs]/[A&C] One Piece S10E31 (0367) (WEB HEVC 1080p) [Multi-Audio-Subs] [F08D350B].mkv,202
1777050598,,,/home/grigory/Downloads-Torrent/[A&C] One Piece Season 10 - Thriller Bark [337-381] (WEB) [Multi-Audio-Subs]/[A&C] One Piece S10E32 (0368) (WEB HEVC 1080p) [Multi-Audio-Subs] [8C865005].mkv,202
1777051885,,,/home/grigory/Downloads-Torrent/[A&C] One Piece Season 10 - Thriller Bark [337-381] (WEB) [Multi-Audio-Subs]/[A&C] One Piece S10E33 (0369) (WEB HEVC 1080p) [Multi-Audio-Subs] [AB07E504].mkv,202
1777053133,,,/home/grigory/Downloads-Torrent/[A&C] One Piece Season 10 - Thriller Bark [337-381] (WEB) [Multi-Audio-Subs]/[A&C] One Piece S10E34 (0370) (WEB HEVC 1080p) [Multi-Audio-Subs] [6E7AE317].mkv,202
1777054306,,,/home/grigory/Downloads-Torrent/[A&C] One Piece Season 10 - Thriller Bark [337-381] (WEB) [Multi-Audio-Subs]/[A&C] One Piece S10E35 (0371) (WEB HEVC 1080p) [Multi-Audio-Subs] [D64439F4].mkv,202
1777055387,,,/home/grigory/Downloads-Torrent/[A&C] One Piece Season 10 - Thriller Bark [337-381] (WEB) [Multi-Audio-Subs]/[A&C] One Piece S10E36 (0372) (WEB HEVC 1080p) [Multi-Audio-Subs] [58AD9501].mkv,202
1777057683,,,/home/grigory/Downloads-Torrent/[A&C] One Piece Season 10 - Thriller Bark [337-381] (WEB) [Multi-Audio-Subs]/[A&C] One Piece S10E37 (0373) (WEB HEVC 1080p) [Multi-Audio-Subs] [FB3853A5].mkv,202
1777138039,,,/home/grigory/Downloads-Torrent/[A&C] One Piece Season 10 - Thriller Bark [337-381] (WEB) [Multi-Audio-Subs]/[A&C] One Piece S10E37 (0373) (WEB HEVC 1080p) [Multi-Audio-Subs] [FB3853A5].mkv,202
1777138048,,,/home/grigory/Downloads-Torrent/[A&C] One Piece Season 10 - Thriller Bark [337-381] (WEB) [Multi-Audio-Subs]/[A&C] One Piece S10E38 (0374) (WEB HEVC 1080p) [Multi-Audio-Subs] [55F59DC8].mkv,202
1777138050,,,/home/grigory/Downloads-Torrent/[A&C] One Piece Season 10 - Thriller Bark [337-381] (WEB) [Multi-Audio-Subs]/[A&C] One Piece S10E37 (0373) (WEB HEVC 1080p) [Multi-Audio-Subs] [FB3853A5].mkv,202
1777138062,,,/home/grigory/Downloads-Torrent/[A&C] One Piece Season 10 - Thriller Bark [337-381] (WEB) [Multi-Audio-Subs]/[A&C] One Piece S10E38 (0374) (WEB HEVC 1080p) [Multi-Audio-Subs] [55F59DC8].mkv,202
1777139129,,,/home/grigory/Downloads-Torrent/[A&C] One Piece Season 10 - Thriller Bark [337-381] (WEB) [Multi-Audio-Subs]/[A&C] One Piece S10E39 (0375) (WEB HEVC 1080p) [Multi-Audio-Subs] [D648A0DC].mkv,202
1777140394,,,/home/grigory/Downloads-Torrent/[A&C] One Piece Season 10 - Thriller Bark [337-381] (WEB) [Multi-Audio-Subs]/[A&C] One Piece S10E40 (0376) (WEB HEVC 1080p) [Multi-Audio-Subs] [E659CC3F].mkv,202
1777141465,,,/home/grigory/Downloads-Torrent/[A&C] One Piece Season 10 - Thriller Bark [337-381] (WEB) [Multi-Audio-Subs]/[A&C] One Piece S10E41 (0377) (WEB HEVC 1080p) [Multi-Audio-Subs] [A51E32DD].mkv,202
1777146874,,,/home/grigory/Downloads-Torrent/[A&C] One Piece Season 10 - Thriller Bark [337-381] (WEB) [Multi-Audio-Subs]/[A&C] One Piece S10E42 (0378) (WEB HEVC 1080p) [Multi-Audio-Subs] [37907A82].mkv,202
1777186018,,,/mnt/linuxdisk/media/lulz/17750538133830034272.mp4,63
1777201161,,,/mnt/linuxdisk/media/lulz/17750538133830034272.mp4,63
1777221059,,,/home/grigory/Downloads-Torrent/[A&C] One Piece Season 10 - Thriller Bark [337-381] (WEB) [Multi-Audio-Subs]/[A&C] One Piece S10E42 (0378) (WEB HEVC 1080p) [Multi-Audio-Subs] [37907A82].mkv,202
1777221070,,,/home/grigory/Downloads-Torrent/[A&C] One Piece Season 10 - Thriller Bark [337-381] (WEB) [Multi-Audio-Subs]/[A&C] One Piece S10E43 (0379) (WEB HEVC 1080p) [Multi-Audio-Subs] [0963745C].mkv,202
1777222286,,,/home/grigory/Downloads-Torrent/[A&C] One Piece Season 10 - Thriller Bark [337-381] (WEB) [Multi-Audio-Subs]/[A&C] One Piece S10E44 (0380) (WEB HEVC 1080p) [Multi-Audio-Subs] [AE728E01].mkv,202
1777223613,,,/home/grigory/Downloads-Torrent/[A&C] One Piece Season 10 - Thriller Bark [337-381] (WEB) [Multi-Audio-Subs]/[A&C] One Piece S10E45 (0381) (WEB HEVC 1080p) [Multi-Audio-Subs] [61FECDAD].mkv,202
1777225055,,,/home/grigory/Downloads/[A&C] One Piece Season 11 - Sabaody Archipelago [382-407] (WEB) [Multi-Audio-Subs]/[A&C] One Piece S11E04 (0385) (WEB HEVC 1080p) [Multi-Audio-Subs] [6D987016].mkv,200
1777229451,,,/home/grigory/Downloads/[A&C] One Piece Season 11 - Sabaody Archipelago [382-407] (WEB) [Multi-Audio-Subs]/[A&C] One Piece S11E05 (0386) (WEB HEVC 1080p) [Multi-Audio-Subs] [A8D40137].mkv,200
1777307672,,,/home/grigory/Downloads/[A&C] One Piece Season 11 - Sabaody Archipelago [382-407] (WEB) [Multi-Audio-Subs]/[A&C] One Piece S11E05 (0386) (WEB HEVC 1080p) [Multi-Audio-Subs] [A8D40137].mkv,200
1777307690,,,/home/grigory/Downloads/[A&C] One Piece Season 11 - Sabaody Archipelago [382-407] (WEB) [Multi-Audio-Subs]/[A&C] One Piece S11E06 (0387) (WEB HEVC 1080p) [Multi-Audio-Subs] [3E5C51A0].mkv,200
1777308833,,,/home/grigory/Downloads/[A&C] One Piece Season 11 - Sabaody Archipelago [382-407] (WEB) [Multi-Audio-Subs]/[A&C] One Piece S11E07 (0388) (WEB HEVC 1080p) [Multi-Audio-Subs] [278FD37B].mkv,200
1777310066,,,/home/grigory/Downloads/[A&C] One Piece Season 11 - Sabaody Archipelago [382-407] (WEB) [Multi-Audio-Subs]/[A&C] One Piece S11E08 (0389) (WEB HEVC 1080p) [Multi-Audio-Subs] [F24F0979].mkv,200
1777311315,,,/home/grigory/Downloads/[A&C] One Piece Season 11 - Sabaody Archipelago [382-407] (WEB) [Multi-Audio-Subs]/[A&C] One Piece S11E09 (0390) (WEB HEVC 1080p) [Multi-Audio-Subs] [52BD0207].mkv,200
1777312760,,,/home/grigory/Downloads/[A&C] One Piece Season 11 - Sabaody Archipelago [382-407] (WEB) [Multi-Audio-Subs]/[A&C] One Piece S11E10 (0391) (WEB HEVC 1080p) [Multi-Audio-Subs] [FDD55A49].mkv,200
1777314881,,,/home/grigory/Downloads/[A&C] One Piece Season 11 - Sabaody Archipelago [382-407] (WEB) [Multi-Audio-Subs]/[A&C] One Piece S11E11 (0392) (WEB HEVC 1080p) [Multi-Audio-Subs] [F16DAFA2].mkv,200
1777316131,,,/home/grigory/Downloads/[A&C] One Piece Season 11 - Sabaody Archipelago [382-407] (WEB) [Multi-Audio-Subs]/[A&C] One Piece S11E12 (0393) (WEB HEVC 1080p) [Multi-Audio-Subs] [432BC92A].mkv,200
1777396023,,,/home/grigory/Downloads/[A&C] One Piece Season 11 - Sabaody Archipelago [382-407] (WEB) [Multi-Audio-Subs]/[A&C] One Piece S11E12 (0393) (WEB HEVC 1080p) [Multi-Audio-Subs] [432BC92A].mkv,200
1777397507,,,/home/grigory/Downloads/[A&C] One Piece Season 11 - Sabaody Archipelago [382-407] (WEB) [Multi-Audio-Subs]/[A&C] One Piece S11E13 (0394) (WEB HEVC 1080p) [Multi-Audio-Subs] [AE820FB8].mkv,200
1777398776,,,/home/grigory/Downloads/[A&C] One Piece Season 11 - Sabaody Archipelago [382-407] (WEB) [Multi-Audio-Subs]/[A&C] One Piece S11E14 (0395) (WEB HEVC 1080p) [Multi-Audio-Subs] [C3C44A3E].mkv,200
1777400744,,,/home/grigory/Downloads/[A&C] One Piece Season 11 - Sabaody Archipelago [382-407] (WEB) [Multi-Audio-Subs]/[A&C] One Piece S11E15 (0396) (WEB HEVC 1080p) [Multi-Audio-Subs] [D4837839].mkv,200
1777401914,,,/home/grigory/Downloads/[A&C] One Piece Season 11 - Sabaody Archipelago [382-407] (WEB) [Multi-Audio-Subs]/[A&C] One Piece S11E16 (0397) (WEB HEVC 1080p) [Multi-Audio-Subs] [4E34F3F8].mkv,200
1777403274,,,/home/grigory/Downloads/[A&C] One Piece Season 11 - Sabaody Archipelago [382-407] (WEB) [Multi-Audio-Subs]/[A&C] One Piece S11E17 (0398) (WEB HEVC 1080p) [Multi-Audio-Subs] [BF33E8F4].mkv,200
1777452597,,,/home/grigory/store/media/lulz/old/1/video_2024-12-12_17-42-18.mp4,79
1777484058,,,/home/grigory/Downloads/[A&C] One Piece Season 11 - Sabaody Archipelago [382-407] (WEB) [Multi-Audio-Subs]/[A&C] One Piece S11E17 (0398) (WEB HEVC 1080p) [Multi-Audio-Subs] [BF33E8F4].mkv,200
1777484067,,,/home/grigory/Downloads/[A&C] One Piece Season 11 - Sabaody Archipelago [382-407] (WEB) [Multi-Audio-Subs]/[A&C] One Piece S11E18 (0399) (WEB HEVC 1080p) [Multi-Audio-Subs] [834A2ABF].mkv,200
1777485486,,,/home/grigory/Downloads/[A&C] One Piece Season 11 - Sabaody Archipelago [382-407] (WEB) [Multi-Audio-Subs]/[A&C] One Piece S11E19 (0400) (WEB HEVC 1080p) [Multi-Audio-Subs] [16D55AD0].mkv,200
1777487192,,,/home/grigory/Downloads/[A&C] One Piece Season 11 - Sabaody Archipelago [382-407] (WEB) [Multi-Audio-Subs]/[A&C] One Piece S11E20 (0401) (WEB HEVC 1080p) [Multi-Audio-Subs] [DA655D85].mkv,200
1777490215,,,/home/grigory/Downloads/[A&C] One Piece Season 11 - Sabaody Archipelago [382-407] (WEB) [Multi-Audio-Subs]/[A&C] One Piece S11E21 (0402) (WEB HEVC 1080p) [Multi-Audio-Subs] [917DB7A8].mkv,200
